<?xml version="1.0" encoding="UTF-8"?>
<!-- Generated by org.testng.reporters.JUnitReportReporter -->
<testsuite hostname="Dell-PC" name="workingwithfileproperties.tc1$tc2" tests="1" failures="0" timestamp="24 Sep 2019 17:09:47 GMT" time="4.960" errors="0">
  <testcase name="data" time="4.960" classname="workingwithfileproperties.tc1$tc2"/>
</testsuite> <!-- workingwithfileproperties.tc1$tc2 -->
