<?xml version="1.0" encoding="UTF-8"?>
<!-- Generated by org.testng.reporters.JUnitReportReporter -->
<testsuite hostname="Dell-PC" name="ashis.Tc2" tests="1" failures="0" timestamp="23 Sep 2019 11:57:40 GMT" time="0.461" errors="0">
  <testcase name="radio" time="0.461" classname="ashis.Tc2"/>
</testsuite> <!-- ashis.Tc2 -->
