<?xml version="1.0" encoding="UTF-8"?>
<!-- Generated by org.testng.reporters.JUnitReportReporter -->
<testsuite hostname="Dell-PC" name="AdvanceSelenium.tc4" tests="1" failures="0" timestamp="14 Sep 2019 18:16:31 GMT" time="6.142" errors="0">
  <testcase name="table" time="6.142" classname="AdvanceSelenium.tc4"/>
</testsuite> <!-- AdvanceSelenium.tc4 -->
