<?xml version="1.0" encoding="UTF-8"?>
<!-- Generated by org.testng.reporters.JUnitReportReporter -->
<testsuite hostname="Dell-PC" name="TESTNG.tc1" tests="3" failures="0" timestamp="26 Sep 2019 17:29:04 GMT" time="0.040" errors="0">
  <testcase name="logout" time="0.024" classname="TESTNG.tc1"/>
  <testcase name="login" time="0.012" classname="TESTNG.tc1"/>
  <testcase name="register" time="0.004" classname="TESTNG.tc1"/>
</testsuite> <!-- TESTNG.tc1 -->
