<?xml version="1.0" encoding="UTF-8"?>
<!-- Generated by org.testng.reporters.JUnitReportReporter -->
<testsuite hostname="Dell-PC" name="AdvanceSelenium.tc1workingwithcookies" tests="1" failures="0" timestamp="28 Sep 2019 14:56:24 GMT" time="0.152" errors="0">
  <testcase name="operation" time="0.152" classname="AdvanceSelenium.tc1workingwithcookies"/>
</testsuite> <!-- AdvanceSelenium.tc1workingwithcookies -->
