<?xml version="1.0" encoding="UTF-8"?>
<!-- Generated by org.testng.reporters.JUnitReportReporter -->
<testsuite hostname="Dell-PC" name="workingwithwindowelements.tc2workingwithsikuli" tests="1" failures="0" timestamp="19 Sep 2019 13:56:08 GMT" time="4.891" errors="0">
  <testcase name="download" time="4.891" classname="workingwithwindowelements.tc2workingwithsikuli"/>
</testsuite> <!-- workingwithwindowelements.tc2workingwithsikuli -->
