<?xml version="1.0" encoding="UTF-8"?>
<!-- Generated by org.testng.reporters.JUnitReportReporter -->
<testsuite hostname="Dell-PC" name="workingwithwindowelements.tc3workingwithrobotupload" tests="1" failures="0" timestamp="18 Sep 2019 13:24:53 GMT" time="19.350" errors="0">
  <testcase name="upload" time="19.350" classname="workingwithwindowelements.tc3workingwithrobotupload"/>
</testsuite> <!-- workingwithwindowelements.tc3workingwithrobotupload -->
