<?xml version="1.0" encoding="UTF-8"?>
<!-- Generated by org.testng.reporters.JUnitReportReporter -->
<testsuite hostname="Dell-PC" name="workingwithwindowelements.tc2workingwithrobot" tests="1" failures="0" timestamp="18 Sep 2019 13:16:31 GMT" time="6.036" errors="0">
  <testcase name="robot" time="6.036" classname="workingwithwindowelements.tc2workingwithrobot"/>
</testsuite> <!-- workingwithwindowelements.tc2workingwithrobot -->
