<?xml version="1.0" encoding="UTF-8"?>
<!-- Generated by org.testng.reporters.JUnitReportReporter -->
<testsuite hostname="Dell-PC" name="workingwithwindowelements.tc1workingwithrobot" tests="1" failures="0" timestamp="20 Sep 2019 12:39:15 GMT" time="3.464" errors="0">
  <testcase name="operation" time="3.464" classname="workingwithwindowelements.tc1workingwithrobot"/>
</testsuite> <!-- workingwithwindowelements.tc1workingwithrobot -->
