<?xml version="1.0" encoding="UTF-8"?>
<!-- Generated by org.testng.reporters.JUnitReportReporter -->
<testsuite hostname="Dell-PC" name="ashis.tc1" tests="1" failures="0" timestamp="19 Sep 2019 12:35:44 GMT" time="42.807" errors="0">
  <testcase name="test" time="42.807" classname="ashis.tc1"/>
</testsuite> <!-- ashis.tc1 -->
