<?xml version="1.0" encoding="UTF-8"?>
<!-- Generated by org.testng.reporters.JUnitReportReporter -->
<testsuite hostname="Dell-PC" name="workingwithwindowelements.tc5workingwithautoit" tests="1" failures="0" timestamp="20 Sep 2019 11:19:07 GMT" time="5.529" errors="0">
  <testcase name="download" time="5.529" classname="workingwithwindowelements.tc5workingwithautoit"/>
</testsuite> <!-- workingwithwindowelements.tc5workingwithautoit -->
