<?xml version="1.0" encoding="UTF-8"?>
<!-- Generated by org.testng.reporters.JUnitReportReporter -->
<testsuite hostname="Dell-PC" name="AdvanceSelenium.advanceuserintractiontc5draganddrop" tests="1" failures="0" timestamp="17 Sep 2019 13:34:08 GMT" time="0.765" errors="0">
  <testcase name="operation" time="0.765" classname="AdvanceSelenium.advanceuserintractiontc5draganddrop"/>
</testsuite> <!-- AdvanceSelenium.advanceuserintractiontc5draganddrop -->
