<?xml version="1.0" encoding="UTF-8"?>
<!-- Generated by org.testng.reporters.JUnitReportReporter -->
<testsuite hostname="Dell-PC" name="AdvanceSelenium.tc5" tests="1" failures="0" timestamp="15 Sep 2019 16:55:51 GMT" time="0.004" errors="1">
  <testcase name="table" time="0.004" classname="AdvanceSelenium.tc5">
    <error type="org.openqa.selenium.WebDriverException" message="Failed to connect to binary FirefoxBinary(C:\Program Files (x86)\Mozilla Firefox\firefox.exe) on port 7055; process output follows: 
568566535404	addons.productaddons	INFO	Downloaded file will be saved to C:\Users\Dell\AppData\Local\Temp\tmpaddon-d4be8a
console.error: services.settings: 
  Message: BadContentError: C:\Users\Dell\AppData\Local\Temp\anonymous1544550694467977589webdriver-profile\settings\main\public-suffix-list\dafsa.bin content does not match server hash
  Stack:
    BadContentError@resource://services-settings/Attachments.jsm:29:5
download@resource://services-settings/Attachments.jsm:86:15

console.error: BroadcastService: 
  receivedBroadcastMessage: handler for
  remote-settings/monitor_changes
  threw error:
  Message: BadContentError: C:\Users\Dell\AppData\Local\Temp\anonymous1544550694467977589webdriver-profile\settings\main\public-suffix-list\dafsa.bin content does not match server hash
  Stack:
    BadContentError@resource://services-settings/Attachments.jsm:29:5
download@resource://services-settings/Attachments.jsm:86:15

1568566545744	addons.xpi	DEBUG	Calling bootstrap method shutdown on wikipedia@search.mozilla.org version 1.0
1568566545747	addons.xpi	DEBUG	Calling bootstrap method shutdown on webcompat@mozilla.org version 6.0.0
1568566545761	addons.xpi	DEBUG	Calling bootstrap method shutdown on webcompat-reporter@mozilla.org version 1.1.0
1568566545764	addons.xpi	DEBUG	Calling bootstrap method shutdown on twitter@search.mozilla.org version 1.0
1568566545765	addons.xpi	DEBUG	Calling bootstrap method shutdown on screenshots@mozilla.org version 39.0.0
1568566545769	addons.xpi	DEBUG	Calling bootstrap method shutdown on google@search.mozilla.org version 1.0
1568566545770	addons.xpi	DEBUG	Calling bootstrap method shutdown on formautofill@mozilla.org version 1.0
1568566545775	addons.xpi	DEBUG	Calling bootstrap method shutdown on ebay@search.mozilla.org version 1.0
1568566545776	addons.xpi	DEBUG	Calling bootstrap method shutdown on default-theme@mozilla.org version 1.0
1568566545777	addons.xpi	DEBUG	Calling bootstrap method shutdown on ddg@search.mozilla.org version 1.0
1568566545779	addons.xpi	DEBUG	Calling bootstrap method shutdown on bing@search.mozilla.org version 1.0
1568566545780	addons.xpi	DEBUG	Calling bootstrap method shutdown on amazondotcom@search.mozilla.org version 1.1
[Parent 5408, Gecko_IOThread] WARNING: pipe error: 109: file z:/task_1568299087/build/src/ipc/chromium/src/chrome/common/ipc_channel_win.cc, line 341
1568566545840	addons.productaddons	WARN	Failed downloading via XHR, status: 0, reason: error
[Child 5136, Chrome_ChildThread] WARNING: pipe error: 109: file z:/task_1568299087/build/src/ipc/chromium/src/chrome/common/ipc_channel_win.cc, line 341
[Child 5136, Chrome_ChildThread] WARNING: pipe error: 109: file z:/task_1568299087/build/src/ipc/chromium/src/chrome/common/ipc_channel_win.cc, line 341
[Child 3640, Chrome_ChildThread] WARNING: pipe error: 109: file z:/task_1568299087/build/src/ipc/chromium/src/chrome/common/ipc_channel_win.cc, line 341
[Child 3640, Chrome_ChildThread] WARNING: pipe error: 109: file z:/task_1568299087/build/src/ipc/chromium/src/chrome/common/ipc_channel_win.cc, line 341
[Child 4088, Chrome_ChildThread] WARNING: pipe error: 109: file z:/task_1568299087/build/src/ipc/chromium/src/chrome/common/ipc_channel_win.cc, line 341
[Child 4088, Chrome_ChildThread] WARNING: pipe error: 109: file z:/task_1568299087/build/src/ipc/chromium/src/chrome/common/ipc_channel_win.cc, line 341
1568566545910	addons.manager	DEBUG	before shutdown
1568566545919	addons.manager	DEBUG	shutdown
1568566545921	addons.manager	DEBUG	Calling shutdown blocker for XPIProvider
1568566545921	addons.xpi	DEBUG	shutdown
1568566545921	addons.xpi-utils	DEBUG	shutdown
1568566545922	addons.manager	DEBUG	Calling shutdown blocker for GMPProvider
1568566545922	addons.manager	DEBUG	Calling shutdown blocker for PluginProvider
1568566545923	addons.manager	DEBUG	Async provider shutdown done
[GPU 5112, Chrome_ChildThread] WARNING: pipe error: 109[Parent 5408, Gecko_IOThread] WARNING: pipe error: 232: file z:/task_1568299087/build/src/ipc/chromium/src/chrome/common/ipc_channel_win.cc, line 502

Build info: version: &#039;2.53.0&#039;, revision: &#039;35ae25b&#039;, time: &#039;2016-03-15 17:00:58&#039;
System info: host: &#039;Dell-PC&#039;, ip: &#039;192.168.0.12&#039;, os.name: &#039;Windows 7&#039;, os.arch: &#039;amd64&#039;, os.version: &#039;6.1&#039;, java.version: &#039;1.8.0_221&#039;
Driver info: driver.version: FirefoxDriver">
      <![CDATA[org.openqa.selenium.WebDriverException: Failed to connect to binary FirefoxBinary(C:\Program Files (x86)\Mozilla Firefox\firefox.exe) on port 7055; process output follows: 
568566535404	addons.productaddons	INFO	Downloaded file will be saved to C:\Users\Dell\AppData\Local\Temp\tmpaddon-d4be8a
console.error: services.settings: 
  Message: BadContentError: C:\Users\Dell\AppData\Local\Temp\anonymous1544550694467977589webdriver-profile\settings\main\public-suffix-list\dafsa.bin content does not match server hash
  Stack:
    BadContentError@resource://services-settings/Attachments.jsm:29:5
download@resource://services-settings/Attachments.jsm:86:15

console.error: BroadcastService: 
  receivedBroadcastMessage: handler for
  remote-settings/monitor_changes
  threw error:
  Message: BadContentError: C:\Users\Dell\AppData\Local\Temp\anonymous1544550694467977589webdriver-profile\settings\main\public-suffix-list\dafsa.bin content does not match server hash
  Stack:
    BadContentError@resource://services-settings/Attachments.jsm:29:5
download@resource://services-settings/Attachments.jsm:86:15

1568566545744	addons.xpi	DEBUG	Calling bootstrap method shutdown on wikipedia@search.mozilla.org version 1.0
1568566545747	addons.xpi	DEBUG	Calling bootstrap method shutdown on webcompat@mozilla.org version 6.0.0
1568566545761	addons.xpi	DEBUG	Calling bootstrap method shutdown on webcompat-reporter@mozilla.org version 1.1.0
1568566545764	addons.xpi	DEBUG	Calling bootstrap method shutdown on twitter@search.mozilla.org version 1.0
1568566545765	addons.xpi	DEBUG	Calling bootstrap method shutdown on screenshots@mozilla.org version 39.0.0
1568566545769	addons.xpi	DEBUG	Calling bootstrap method shutdown on google@search.mozilla.org version 1.0
1568566545770	addons.xpi	DEBUG	Calling bootstrap method shutdown on formautofill@mozilla.org version 1.0
1568566545775	addons.xpi	DEBUG	Calling bootstrap method shutdown on ebay@search.mozilla.org version 1.0
1568566545776	addons.xpi	DEBUG	Calling bootstrap method shutdown on default-theme@mozilla.org version 1.0
1568566545777	addons.xpi	DEBUG	Calling bootstrap method shutdown on ddg@search.mozilla.org version 1.0
1568566545779	addons.xpi	DEBUG	Calling bootstrap method shutdown on bing@search.mozilla.org version 1.0
1568566545780	addons.xpi	DEBUG	Calling bootstrap method shutdown on amazondotcom@search.mozilla.org version 1.1
[Parent 5408, Gecko_IOThread] WARNING: pipe error: 109: file z:/task_1568299087/build/src/ipc/chromium/src/chrome/common/ipc_channel_win.cc, line 341
1568566545840	addons.productaddons	WARN	Failed downloading via XHR, status: 0, reason: error
[Child 5136, Chrome_ChildThread] WARNING: pipe error: 109: file z:/task_1568299087/build/src/ipc/chromium/src/chrome/common/ipc_channel_win.cc, line 341
[Child 5136, Chrome_ChildThread] WARNING: pipe error: 109: file z:/task_1568299087/build/src/ipc/chromium/src/chrome/common/ipc_channel_win.cc, line 341
[Child 3640, Chrome_ChildThread] WARNING: pipe error: 109: file z:/task_1568299087/build/src/ipc/chromium/src/chrome/common/ipc_channel_win.cc, line 341
[Child 3640, Chrome_ChildThread] WARNING: pipe error: 109: file z:/task_1568299087/build/src/ipc/chromium/src/chrome/common/ipc_channel_win.cc, line 341
[Child 4088, Chrome_ChildThread] WARNING: pipe error: 109: file z:/task_1568299087/build/src/ipc/chromium/src/chrome/common/ipc_channel_win.cc, line 341
[Child 4088, Chrome_ChildThread] WARNING: pipe error: 109: file z:/task_1568299087/build/src/ipc/chromium/src/chrome/common/ipc_channel_win.cc, line 341
1568566545910	addons.manager	DEBUG	before shutdown
1568566545919	addons.manager	DEBUG	shutdown
1568566545921	addons.manager	DEBUG	Calling shutdown blocker for XPIProvider
1568566545921	addons.xpi	DEBUG	shutdown
1568566545921	addons.xpi-utils	DEBUG	shutdown
1568566545922	addons.manager	DEBUG	Calling shutdown blocker for GMPProvider
1568566545922	addons.manager	DEBUG	Calling shutdown blocker for PluginProvider
1568566545923	addons.manager	DEBUG	Async provider shutdown done
[GPU 5112, Chrome_ChildThread] WARNING: pipe error: 109[Parent 5408, Gecko_IOThread] WARNING: pipe error: 232: file z:/task_1568299087/build/src/ipc/chromium/src/chrome/common/ipc_channel_win.cc, line 502

Build info: version: '2.53.0', revision: '35ae25b', time: '2016-03-15 17:00:58'
System info: host: 'Dell-PC', ip: '192.168.0.12', os.name: 'Windows 7', os.arch: 'amd64', os.version: '6.1', java.version: '1.8.0_221'
Driver info: driver.version: FirefoxDriver
	at org.openqa.selenium.firefox.internal.NewProfileExtensionConnection.start(NewProfileExtensionConnection.java:124)
	at org.openqa.selenium.firefox.FirefoxDriver.startClient(FirefoxDriver.java:271)
	at org.openqa.selenium.remote.RemoteWebDriver.<init>(RemoteWebDriver.java:119)
	at org.openqa.selenium.firefox.FirefoxDriver.<init>(FirefoxDriver.java:218)
	at org.openqa.selenium.firefox.FirefoxDriver.<init>(FirefoxDriver.java:211)
	at org.openqa.selenium.firefox.FirefoxDriver.<init>(FirefoxDriver.java:207)
	at org.openqa.selenium.firefox.FirefoxDriver.<init>(FirefoxDriver.java:124)
	at AdvanceSelenium.tc5.open(tc5.java:23)
	at sun.reflect.NativeMethodAccessorImpl.invoke0(Native Method)
	at sun.reflect.NativeMethodAccessorImpl.invoke(Unknown Source)
	at sun.reflect.DelegatingMethodAccessorImpl.invoke(Unknown Source)
	at java.lang.reflect.Method.invoke(Unknown Source)
	at org.testng.internal.MethodInvocationHelper.invokeMethod(MethodInvocationHelper.java:85)
	at org.testng.internal.Invoker.invokeConfigurationMethod(Invoker.java:510)
	at org.testng.internal.Invoker.invokeConfigurations(Invoker.java:211)
	at org.testng.internal.Invoker.invokeConfigurations(Invoker.java:138)
	at org.testng.TestRunner.beforeRun(TestRunner.java:648)
	at org.testng.TestRunner.run(TestRunner.java:616)
	at org.testng.SuiteRunner.runTest(SuiteRunner.java:359)
	at org.testng.SuiteRunner.runSequentially(SuiteRunner.java:354)
	at org.testng.SuiteRunner.privateRun(SuiteRunner.java:312)
	at org.testng.SuiteRunner.run(SuiteRunner.java:261)
	at org.testng.SuiteRunnerWorker.runSuite(SuiteRunnerWorker.java:52)
	at org.testng.SuiteRunnerWorker.run(SuiteRunnerWorker.java:86)
	at org.testng.TestNG.runSuitesSequentially(TestNG.java:1215)
	at org.testng.TestNG.runSuitesLocally(TestNG.java:1140)
	at org.testng.TestNG.run(TestNG.java:1048)
	at org.testng.remote.AbstractRemoteTestNG.run(AbstractRemoteTestNG.java:132)
	at org.testng.remote.RemoteTestNG.initAndRun(RemoteTestNG.java:236)
	at org.testng.remote.RemoteTestNG.main(RemoteTestNG.java:81)
Caused by: org.openqa.selenium.firefox.NotConnectedException: Unable to connect to host 127.0.0.1 on port 7055 after 45000 ms. Firefox console output:
568566535404	addons.productaddons	INFO	Downloaded file will be saved to C:\Users\Dell\AppData\Local\Temp\tmpaddon-d4be8a
console.error: services.settings: 
  Message: BadContentError: C:\Users\Dell\AppData\Local\Temp\anonymous1544550694467977589webdriver-profile\settings\main\public-suffix-list\dafsa.bin content does not match server hash
  Stack:
    BadContentError@resource://services-settings/Attachments.jsm:29:5
download@resource://services-settings/Attachments.jsm:86:15

console.error: BroadcastService: 
  receivedBroadcastMessage: handler for
  remote-settings/monitor_changes
  threw error:
  Message: BadContentError: C:\Users\Dell\AppData\Local\Temp\anonymous1544550694467977589webdriver-profile\settings\main\public-suffix-list\dafsa.bin content does not match server hash
  Stack:
    BadContentError@resource://services-settings/Attachments.jsm:29:5
download@resource://services-settings/Attachments.jsm:86:15

1568566545744	addons.xpi	DEBUG	Calling bootstrap method shutdown on wikipedia@search.mozilla.org version 1.0
1568566545747	addons.xpi	DEBUG	Calling bootstrap method shutdown on webcompat@mozilla.org version 6.0.0
1568566545761	addons.xpi	DEBUG	Calling bootstrap method shutdown on webcompat-reporter@mozilla.org version 1.1.0
1568566545764	addons.xpi	DEBUG	Calling bootstrap method shutdown on twitter@search.mozilla.org version 1.0
1568566545765	addons.xpi	DEBUG	Calling bootstrap method shutdown on screenshots@mozilla.org version 39.0.0
1568566545769	addons.xpi	DEBUG	Calling bootstrap method shutdown on google@search.mozilla.org version 1.0
1568566545770	addons.xpi	DEBUG	Calling bootstrap method shutdown on formautofill@mozilla.org version 1.0
1568566545775	addons.xpi	DEBUG	Calling bootstrap method shutdown on ebay@search.mozilla.org version 1.0
1568566545776	addons.xpi	DEBUG	Calling bootstrap method shutdown on default-theme@mozilla.org version 1.0
1568566545777	addons.xpi	DEBUG	Calling bootstrap method shutdown on ddg@search.mozilla.org version 1.0
1568566545779	addons.xpi	DEBUG	Calling bootstrap method shutdown on bing@search.mozilla.org version 1.0
1568566545780	addons.xpi	DEBUG	Calling bootstrap method shutdown on amazondotcom@search.mozilla.org version 1.1
[Parent 5408, Gecko_IOThread] WARNING: pipe error: 109: file z:/task_1568299087/build/src/ipc/chromium/src/chrome/common/ipc_channel_win.cc, line 341
1568566545840	addons.productaddons	WARN	Failed downloading via XHR, status: 0, reason: error
[Child 5136, Chrome_ChildThread] WARNING: pipe error: 109: file z:/task_1568299087/build/src/ipc/chromium/src/chrome/common/ipc_channel_win.cc, line 341
[Child 5136, Chrome_ChildThread] WARNING: pipe error: 109: file z:/task_1568299087/build/src/ipc/chromium/src/chrome/common/ipc_channel_win.cc, line 341
[Child 3640, Chrome_ChildThread] WARNING: pipe error: 109: file z:/task_1568299087/build/src/ipc/chromium/src/chrome/common/ipc_channel_win.cc, line 341
[Child 3640, Chrome_ChildThread] WARNING: pipe error: 109: file z:/task_1568299087/build/src/ipc/chromium/src/chrome/common/ipc_channel_win.cc, line 341
[Child 4088, Chrome_ChildThread] WARNING: pipe error: 109: file z:/task_1568299087/build/src/ipc/chromium/src/chrome/common/ipc_channel_win.cc, line 341
[Child 4088, Chrome_ChildThread] WARNING: pipe error: 109: file z:/task_1568299087/build/src/ipc/chromium/src/chrome/common/ipc_channel_win.cc, line 341
1568566545910	addons.manager	DEBUG	before shutdown
1568566545919	addons.manager	DEBUG	shutdown
1568566545921	addons.manager	DEBUG	Calling shutdown blocker for XPIProvider
1568566545921	addons.xpi	DEBUG	shutdown
1568566545921	addons.xpi-utils	DEBUG	shutdown
1568566545922	addons.manager	DEBUG	Calling shutdown blocker for GMPProvider
1568566545922	addons.manager	DEBUG	Calling shutdown blocker for PluginProvider
1568566545923	addons.manager	DEBUG	Async provider shutdown done
[GPU 5112, Chrome_ChildThread] WARNING: pipe error: 109[Parent 5408, Gecko_IOThread] WARNING: pipe error: 232: file z:/task_1568299087/build/src/ipc/chromium/src/chrome/common/ipc_channel_win.cc, line 502

	at org.openqa.selenium.firefox.internal.NewProfileExtensionConnection.start(NewProfileExtensionConnection.java:112)
	... 29 more
]]>
    </error>
  </testcase> <!-- table -->
</testsuite> <!-- AdvanceSelenium.tc5 -->
