<?xml version="1.0" encoding="UTF-8"?>
<!-- Generated by org.testng.reporters.JUnitReportReporter -->
<testsuite hostname="Dell-PC" name="workingwithjavascriptexecutor.jsdatepicketyatra" tests="1" failures="0" timestamp="28 Sep 2019 17:41:47 GMT" time="3.741" errors="0">
  <testcase name="date" time="3.741" classname="workingwithjavascriptexecutor.jsdatepicketyatra"/>
</testsuite> <!-- workingwithjavascriptexecutor.jsdatepicketyatra -->
