<?xml version="1.0" encoding="UTF-8"?>
<!-- Generated by org.testng.reporters.JUnitReportReporter -->
<testsuite hostname="Dell-PC" name="workingwithautoit.upload" tests="1" failures="0" timestamp="26 Sep 2019 14:19:17 GMT" time="17.982" errors="0">
  <testcase name="upload" time="17.982" classname="workingwithautoit.upload"/>
</testsuite> <!-- workingwithautoit.upload -->
