<?xml version="1.0" encoding="UTF-8"?>
<!-- Generated by org.testng.reporters.JUnitReportReporter -->
<testsuite hostname="Dell-PC" name="AdvanceSelenium.advanceuserintractiontc2mousemove" tests="1" failures="0" timestamp="18 Sep 2019 08:29:25 GMT" time="0.527" errors="0">
  <testcase name="operation" time="0.527" classname="AdvanceSelenium.advanceuserintractiontc2mousemove"/>
</testsuite> <!-- AdvanceSelenium.advanceuserintractiontc2mousemove -->
