<?xml version="1.0" encoding="UTF-8"?>
<!-- Generated by org.testng.reporters.JUnitReportReporter -->
<testsuite hostname="Dell-PC" name="workingwithjavascriptexecutor.tc1" tests="1" failures="0" timestamp="24 Sep 2019 16:25:59 GMT" time="0.253" errors="0">
  <testcase name="data" time="0.253" classname="workingwithjavascriptexecutor.tc1"/>
</testsuite> <!-- workingwithjavascriptexecutor.tc1 -->
