<?xml version="1.0" encoding="UTF-8"?>
<!-- Generated by org.testng.reporters.JUnitReportReporter -->
<testsuite hostname="Dell-PC" name="AdvanceSelenium.tc2" tests="1" failures="0" timestamp="14 Sep 2019 19:10:30 GMT" time="0.225" errors="0">
  <testcase name="table" time="0.225" classname="AdvanceSelenium.tc2"/>
</testsuite> <!-- AdvanceSelenium.tc2 -->
