<?xml version="1.0" encoding="UTF-8"?>
<!-- Generated by org.testng.reporters.JUnitReportReporter -->
<testsuite hostname="Dell-PC" name="workingwithwindowelements.tc1workingwithsikuli" tests="1" failures="0" timestamp="27 Sep 2019 13:44:30 GMT" time="11.556" errors="0">
  <testcase name="download" time="11.556" classname="workingwithwindowelements.tc1workingwithsikuli"/>
</testsuite> <!-- workingwithwindowelements.tc1workingwithsikuli -->
