<?xml version="1.0" encoding="UTF-8"?>
<!-- Generated by org.testng.reporters.JUnitReportReporter -->
<testsuite hostname="Dell-PC" name="AdvanceSelenium.advanceuserintractiontc4doubleclick" tests="1" failures="0" timestamp="17 Sep 2019 17:02:11 GMT" time="6.620" errors="0">
  <testcase name="operation" time="6.620" classname="AdvanceSelenium.advanceuserintractiontc4doubleclick"/>
</testsuite> <!-- AdvanceSelenium.advanceuserintractiontc4doubleclick -->
