<?xml version="1.0" encoding="UTF-8"?>
<!-- Generated by org.testng.reporters.JUnitReportReporter -->
<testsuite hostname="Dell-PC" name="AdvanceSelenium.tc9" tests="1" failures="0" timestamp="16 Sep 2019 14:33:21 GMT" time="17.724" errors="0">
  <testcase name="table" time="17.724" classname="AdvanceSelenium.tc9"/>
</testsuite> <!-- AdvanceSelenium.tc9 -->
