<?xml version="1.0" encoding="UTF-8"?>
<!-- Generated by org.testng.reporters.JUnitReportReporter -->
<testsuite hostname="Dell-PC" name="AdvanceSelenium.workingWithPopups" tests="1" failures="0" timestamp="20 Sep 2019 13:36:46 GMT" time="16.013" errors="0">
  <testcase name="data" time="16.013" classname="AdvanceSelenium.workingWithPopups"/>
</testsuite> <!-- AdvanceSelenium.workingWithPopups -->
