<?xml version="1.0" encoding="UTF-8"?>
<!-- Generated by org.testng.reporters.JUnitReportReporter -->
<testsuite hostname="Dell-PC" name="practice.upload" tests="1" failures="0" timestamp="20 Sep 2019 12:28:43 GMT" time="5.554" errors="0">
  <testcase name="data" time="5.554" classname="practice.upload"/>
</testsuite> <!-- practice.upload -->
