<?xml version="1.0" encoding="UTF-8"?>
<!-- Generated by org.testng.reporters.JUnitReportReporter -->
<testsuite hostname="Dell-PC" name="practice.task" tests="1" failures="0" timestamp="21 Sep 2019 16:30:16 GMT" time="1.185" errors="0">
  <testcase name="data" time="1.185" classname="practice.task"/>
</testsuite> <!-- practice.task -->
