<?xml version="1.0" encoding="UTF-8"?>
<!-- Generated by org.testng.reporters.JUnitReportReporter -->
<testsuite hostname="Dell-PC" name="AdvanceSelenium.tc1" tests="3" failures="0" timestamp="15 Sep 2019 13:36:53 GMT" time="0.007" errors="3">
  <testcase name="logout" time="0.002" classname="AdvanceSelenium.tc1">
    <error type="org.openqa.selenium.WebDriverException" message="Failed to connect to binary FirefoxBinary(C:\Program Files (x86)\Mozilla Firefox\firefox.exe) on port 7055; process output follows: 
fox&amp;appOS=WINNT&amp;appVersion=48.0
1568554568739	DeferredSave.extensions.json	DEBUG	Starting write
1568554568756	DeferredSave.extensions.json	DEBUG	Write succeeded
1568554569786	addons.repository	DEBUG	Got metadata search load event
1568554569787	addons.repository	WARN	Search failed when repopulating cache
1568554569790	addons.xpi	DEBUG	updateAddonRepositoryData found 5 visible add-ons
1568554569792	addons.update-dialog	DEBUG	VersionInfo updates finished: found []
1568554569793	addons.update-dialog	INFO	VersionInfo: No updates require further action
1568554569834	addons.xpi-utils	DEBUG	Writing add-ons list
1568554569839	addons.xpi	DEBUG	Registering manifest for C:\Program Files (x86)\Mozilla Firefox\browser\features\e10srollout@mozilla.org.xpi
1568554569840	addons.xpi	DEBUG	Calling bootstrap method startup on e10srollout@mozilla.org version 1.0
1568554569840	addons.xpi	DEBUG	Registering manifest for C:\Program Files (x86)\Mozilla Firefox\browser\features\firefox@getpocket.com.xpi
1568554569841	addons.xpi	DEBUG	Calling bootstrap method startup on firefox@getpocket.com version 1.0.4
1568554569843	addons.xpi	DEBUG	Registering manifest for C:\Program Files (x86)\Mozilla Firefox\browser\features\loop@mozilla.org.xpi
1568554569844	addons.xpi	DEBUG	Calling bootstrap method startup on loop@mozilla.org version 1.4.3
1568554569890	addons.manager	DEBUG	Registering shutdown blocker for XPIProvider
1568554569890	addons.manager	DEBUG	Provider finished startup: XPIProvider
1568554569890	addons.manager	DEBUG	Starting provider: LightweightThemeManager
1568554569891	addons.manager	DEBUG	Registering shutdown blocker for LightweightThemeManager
1568554569891	addons.manager	DEBUG	Provider finished startup: LightweightThemeManager
1568554569892	addons.manager	DEBUG	Starting provider: GMPProvider
1568554569903	addons.manager	DEBUG	Registering shutdown blocker for GMPProvider
1568554569904	addons.manager	DEBUG	Provider finished startup: GMPProvider
1568554569904	addons.manager	DEBUG	Starting provider: PluginProvider
1568554569904	addons.manager	DEBUG	Registering shutdown blocker for PluginProvider
1568554569904	addons.manager	DEBUG	Provider finished startup: PluginProvider
1568554569905	addons.manager	DEBUG	Completed startup sequence
1568554570604	addons.manager	DEBUG	Starting provider: &lt;unnamed-provider&gt;
1568554570604	addons.manager	DEBUG	Registering shutdown blocker for &lt;unnamed-provider&gt;
1568554570605	addons.manager	DEBUG	Provider finished startup: &lt;unnamed-provider&gt;
1568554570645	addons.manager	DEBUG	Starting provider: PreviousExperimentProvider
1568554570645	addons.manager	DEBUG	Registering shutdown blocker for PreviousExperimentProvider
1568554570646	addons.manager	DEBUG	Provider finished startup: PreviousExperimentProvider
console.error: 
  Message: Error: Error(s) encountered during statement execution: no such table: moz_hosts
  Stack:
    ConnectionData.prototype&lt;._executeStatement/pending&lt;.handleCompletion@resource://gre/modules/Sqlite.jsm:807:25

1568554579704	addons.xpi	DEBUG	Calling bootstrap method shutdown on e10srollout@mozilla.org version 1.0
1568554579704	addons.xpi	DEBUG	Calling bootstrap method shutdown on firefox@getpocket.com version 1.0.4
1568554579706	addons.xpi	DEBUG	Calling bootstrap method shutdown on loop@mozilla.org version 1.4.3
1568554579897	addons.manager	DEBUG	shutdown
1568554579898	addons.manager	DEBUG	Calling shutdown blocker for XPIProvider
1568554579898	addons.xpi	DEBUG	shutdown
1568554579899	addons.xpi-utils	DEBUG	shutdown
1568554579900	addons.manager	DEBUG	Calling shutdown blocker for LightweightThemeManager
1568554579900	addons.manager	DEBUG	Calling shutdown blocker for GMPProvider
1568554579904	addons.manager	DEBUG	Calling shutdown blocker for PluginProvider
1568554579905	addons.manager	DEBUG	Calling shutdown blocker for &lt;unnamed-provider&gt;
1568554579909	addons.manager	DEBUG	Calling shutdown blocker for PreviousExperimentProvider
1568554579912	addons.xpi	DEBUG	Notifying XPI shutdown observers
1568554579920	addons.manager	DEBUG	Async provider shutdown done

Build info: version: &#039;2.53.0&#039;, revision: &#039;35ae25b&#039;, time: &#039;2016-03-15 17:00:58&#039;
System info: host: &#039;Dell-PC&#039;, ip: &#039;192.168.0.12&#039;, os.name: &#039;Windows 7&#039;, os.arch: &#039;amd64&#039;, os.version: &#039;6.1&#039;, java.version: &#039;1.8.0_221&#039;
Driver info: driver.version: FirefoxDriver">
      <![CDATA[org.openqa.selenium.WebDriverException: Failed to connect to binary FirefoxBinary(C:\Program Files (x86)\Mozilla Firefox\firefox.exe) on port 7055; process output follows: 
fox&appOS=WINNT&appVersion=48.0
1568554568739	DeferredSave.extensions.json	DEBUG	Starting write
1568554568756	DeferredSave.extensions.json	DEBUG	Write succeeded
1568554569786	addons.repository	DEBUG	Got metadata search load event
1568554569787	addons.repository	WARN	Search failed when repopulating cache
1568554569790	addons.xpi	DEBUG	updateAddonRepositoryData found 5 visible add-ons
1568554569792	addons.update-dialog	DEBUG	VersionInfo updates finished: found []
1568554569793	addons.update-dialog	INFO	VersionInfo: No updates require further action
1568554569834	addons.xpi-utils	DEBUG	Writing add-ons list
1568554569839	addons.xpi	DEBUG	Registering manifest for C:\Program Files (x86)\Mozilla Firefox\browser\features\e10srollout@mozilla.org.xpi
1568554569840	addons.xpi	DEBUG	Calling bootstrap method startup on e10srollout@mozilla.org version 1.0
1568554569840	addons.xpi	DEBUG	Registering manifest for C:\Program Files (x86)\Mozilla Firefox\browser\features\firefox@getpocket.com.xpi
1568554569841	addons.xpi	DEBUG	Calling bootstrap method startup on firefox@getpocket.com version 1.0.4
1568554569843	addons.xpi	DEBUG	Registering manifest for C:\Program Files (x86)\Mozilla Firefox\browser\features\loop@mozilla.org.xpi
1568554569844	addons.xpi	DEBUG	Calling bootstrap method startup on loop@mozilla.org version 1.4.3
1568554569890	addons.manager	DEBUG	Registering shutdown blocker for XPIProvider
1568554569890	addons.manager	DEBUG	Provider finished startup: XPIProvider
1568554569890	addons.manager	DEBUG	Starting provider: LightweightThemeManager
1568554569891	addons.manager	DEBUG	Registering shutdown blocker for LightweightThemeManager
1568554569891	addons.manager	DEBUG	Provider finished startup: LightweightThemeManager
1568554569892	addons.manager	DEBUG	Starting provider: GMPProvider
1568554569903	addons.manager	DEBUG	Registering shutdown blocker for GMPProvider
1568554569904	addons.manager	DEBUG	Provider finished startup: GMPProvider
1568554569904	addons.manager	DEBUG	Starting provider: PluginProvider
1568554569904	addons.manager	DEBUG	Registering shutdown blocker for PluginProvider
1568554569904	addons.manager	DEBUG	Provider finished startup: PluginProvider
1568554569905	addons.manager	DEBUG	Completed startup sequence
1568554570604	addons.manager	DEBUG	Starting provider: <unnamed-provider>
1568554570604	addons.manager	DEBUG	Registering shutdown blocker for <unnamed-provider>
1568554570605	addons.manager	DEBUG	Provider finished startup: <unnamed-provider>
1568554570645	addons.manager	DEBUG	Starting provider: PreviousExperimentProvider
1568554570645	addons.manager	DEBUG	Registering shutdown blocker for PreviousExperimentProvider
1568554570646	addons.manager	DEBUG	Provider finished startup: PreviousExperimentProvider
console.error: 
  Message: Error: Error(s) encountered during statement execution: no such table: moz_hosts
  Stack:
    ConnectionData.prototype<._executeStatement/pending<.handleCompletion@resource://gre/modules/Sqlite.jsm:807:25

1568554579704	addons.xpi	DEBUG	Calling bootstrap method shutdown on e10srollout@mozilla.org version 1.0
1568554579704	addons.xpi	DEBUG	Calling bootstrap method shutdown on firefox@getpocket.com version 1.0.4
1568554579706	addons.xpi	DEBUG	Calling bootstrap method shutdown on loop@mozilla.org version 1.4.3
1568554579897	addons.manager	DEBUG	shutdown
1568554579898	addons.manager	DEBUG	Calling shutdown blocker for XPIProvider
1568554579898	addons.xpi	DEBUG	shutdown
1568554579899	addons.xpi-utils	DEBUG	shutdown
1568554579900	addons.manager	DEBUG	Calling shutdown blocker for LightweightThemeManager
1568554579900	addons.manager	DEBUG	Calling shutdown blocker for GMPProvider
1568554579904	addons.manager	DEBUG	Calling shutdown blocker for PluginProvider
1568554579905	addons.manager	DEBUG	Calling shutdown blocker for <unnamed-provider>
1568554579909	addons.manager	DEBUG	Calling shutdown blocker for PreviousExperimentProvider
1568554579912	addons.xpi	DEBUG	Notifying XPI shutdown observers
1568554579920	addons.manager	DEBUG	Async provider shutdown done

Build info: version: '2.53.0', revision: '35ae25b', time: '2016-03-15 17:00:58'
System info: host: 'Dell-PC', ip: '192.168.0.12', os.name: 'Windows 7', os.arch: 'amd64', os.version: '6.1', java.version: '1.8.0_221'
Driver info: driver.version: FirefoxDriver
	at org.openqa.selenium.firefox.internal.NewProfileExtensionConnection.start(NewProfileExtensionConnection.java:124)
	at org.openqa.selenium.firefox.FirefoxDriver.startClient(FirefoxDriver.java:271)
	at org.openqa.selenium.remote.RemoteWebDriver.<init>(RemoteWebDriver.java:119)
	at org.openqa.selenium.firefox.FirefoxDriver.<init>(FirefoxDriver.java:218)
	at org.openqa.selenium.firefox.FirefoxDriver.<init>(FirefoxDriver.java:211)
	at org.openqa.selenium.firefox.FirefoxDriver.<init>(FirefoxDriver.java:207)
	at org.openqa.selenium.firefox.FirefoxDriver.<init>(FirefoxDriver.java:124)
	at AdvanceSelenium.tc1.open(tc1.java:30)
	at sun.reflect.NativeMethodAccessorImpl.invoke0(Native Method)
	at sun.reflect.NativeMethodAccessorImpl.invoke(Unknown Source)
	at sun.reflect.DelegatingMethodAccessorImpl.invoke(Unknown Source)
	at java.lang.reflect.Method.invoke(Unknown Source)
	at org.testng.internal.MethodInvocationHelper.invokeMethod(MethodInvocationHelper.java:85)
	at org.testng.internal.Invoker.invokeConfigurationMethod(Invoker.java:510)
	at org.testng.internal.Invoker.invokeConfigurations(Invoker.java:211)
	at org.testng.internal.Invoker.invokeConfigurations(Invoker.java:138)
	at org.testng.TestRunner.beforeRun(TestRunner.java:648)
	at org.testng.TestRunner.run(TestRunner.java:616)
	at org.testng.SuiteRunner.runTest(SuiteRunner.java:359)
	at org.testng.SuiteRunner.runSequentially(SuiteRunner.java:354)
	at org.testng.SuiteRunner.privateRun(SuiteRunner.java:312)
	at org.testng.SuiteRunner.run(SuiteRunner.java:261)
	at org.testng.SuiteRunnerWorker.runSuite(SuiteRunnerWorker.java:52)
	at org.testng.SuiteRunnerWorker.run(SuiteRunnerWorker.java:86)
	at org.testng.TestNG.runSuitesSequentially(TestNG.java:1215)
	at org.testng.TestNG.runSuitesLocally(TestNG.java:1140)
	at org.testng.TestNG.run(TestNG.java:1048)
	at org.testng.remote.AbstractRemoteTestNG.run(AbstractRemoteTestNG.java:132)
	at org.testng.remote.RemoteTestNG.initAndRun(RemoteTestNG.java:236)
	at org.testng.remote.RemoteTestNG.main(RemoteTestNG.java:81)
Caused by: org.openqa.selenium.firefox.NotConnectedException: Unable to connect to host 127.0.0.1 on port 7055 after 45000 ms. Firefox console output:
fox&appOS=WINNT&appVersion=48.0
1568554568739	DeferredSave.extensions.json	DEBUG	Starting write
1568554568756	DeferredSave.extensions.json	DEBUG	Write succeeded
1568554569786	addons.repository	DEBUG	Got metadata search load event
1568554569787	addons.repository	WARN	Search failed when repopulating cache
1568554569790	addons.xpi	DEBUG	updateAddonRepositoryData found 5 visible add-ons
1568554569792	addons.update-dialog	DEBUG	VersionInfo updates finished: found []
1568554569793	addons.update-dialog	INFO	VersionInfo: No updates require further action
1568554569834	addons.xpi-utils	DEBUG	Writing add-ons list
1568554569839	addons.xpi	DEBUG	Registering manifest for C:\Program Files (x86)\Mozilla Firefox\browser\features\e10srollout@mozilla.org.xpi
1568554569840	addons.xpi	DEBUG	Calling bootstrap method startup on e10srollout@mozilla.org version 1.0
1568554569840	addons.xpi	DEBUG	Registering manifest for C:\Program Files (x86)\Mozilla Firefox\browser\features\firefox@getpocket.com.xpi
1568554569841	addons.xpi	DEBUG	Calling bootstrap method startup on firefox@getpocket.com version 1.0.4
1568554569843	addons.xpi	DEBUG	Registering manifest for C:\Program Files (x86)\Mozilla Firefox\browser\features\loop@mozilla.org.xpi
1568554569844	addons.xpi	DEBUG	Calling bootstrap method startup on loop@mozilla.org version 1.4.3
1568554569890	addons.manager	DEBUG	Registering shutdown blocker for XPIProvider
1568554569890	addons.manager	DEBUG	Provider finished startup: XPIProvider
1568554569890	addons.manager	DEBUG	Starting provider: LightweightThemeManager
1568554569891	addons.manager	DEBUG	Registering shutdown blocker for LightweightThemeManager
1568554569891	addons.manager	DEBUG	Provider finished startup: LightweightThemeManager
1568554569892	addons.manager	DEBUG	Starting provider: GMPProvider
1568554569903	addons.manager	DEBUG	Registering shutdown blocker for GMPProvider
1568554569904	addons.manager	DEBUG	Provider finished startup: GMPProvider
1568554569904	addons.manager	DEBUG	Starting provider: PluginProvider
1568554569904	addons.manager	DEBUG	Registering shutdown blocker for PluginProvider
1568554569904	addons.manager	DEBUG	Provider finished startup: PluginProvider
1568554569905	addons.manager	DEBUG	Completed startup sequence
1568554570604	addons.manager	DEBUG	Starting provider: <unnamed-provider>
1568554570604	addons.manager	DEBUG	Registering shutdown blocker for <unnamed-provider>
1568554570605	addons.manager	DEBUG	Provider finished startup: <unnamed-provider>
1568554570645	addons.manager	DEBUG	Starting provider: PreviousExperimentProvider
1568554570645	addons.manager	DEBUG	Registering shutdown blocker for PreviousExperimentProvider
1568554570646	addons.manager	DEBUG	Provider finished startup: PreviousExperimentProvider
console.error: 
  Message: Error: Error(s) encountered during statement execution: no such table: moz_hosts
  Stack:
    ConnectionData.prototype<._executeStatement/pending<.handleCompletion@resource://gre/modules/Sqlite.jsm:807:25

1568554579704	addons.xpi	DEBUG	Calling bootstrap method shutdown on e10srollout@mozilla.org version 1.0
1568554579704	addons.xpi	DEBUG	Calling bootstrap method shutdown on firefox@getpocket.com version 1.0.4
1568554579706	addons.xpi	DEBUG	Calling bootstrap method shutdown on loop@mozilla.org version 1.4.3
1568554579897	addons.manager	DEBUG	shutdown
1568554579898	addons.manager	DEBUG	Calling shutdown blocker for XPIProvider
1568554579898	addons.xpi	DEBUG	shutdown
1568554579899	addons.xpi-utils	DEBUG	shutdown
1568554579900	addons.manager	DEBUG	Calling shutdown blocker for LightweightThemeManager
1568554579900	addons.manager	DEBUG	Calling shutdown blocker for GMPProvider
1568554579904	addons.manager	DEBUG	Calling shutdown blocker for PluginProvider
1568554579905	addons.manager	DEBUG	Calling shutdown blocker for <unnamed-provider>
1568554579909	addons.manager	DEBUG	Calling shutdown blocker for PreviousExperimentProvider
1568554579912	addons.xpi	DEBUG	Notifying XPI shutdown observers
1568554579920	addons.manager	DEBUG	Async provider shutdown done

	at org.openqa.selenium.firefox.internal.NewProfileExtensionConnection.start(NewProfileExtensionConnection.java:112)
	... 29 more
]]>
    </error>
  </testcase> <!-- logout -->
  <testcase name="loginstatus" time="0.002" classname="AdvanceSelenium.tc1">
    <error type="org.openqa.selenium.WebDriverException" message="Failed to connect to binary FirefoxBinary(C:\Program Files (x86)\Mozilla Firefox\firefox.exe) on port 7055; process output follows: 
fox&amp;appOS=WINNT&amp;appVersion=48.0
1568554568739	DeferredSave.extensions.json	DEBUG	Starting write
1568554568756	DeferredSave.extensions.json	DEBUG	Write succeeded
1568554569786	addons.repository	DEBUG	Got metadata search load event
1568554569787	addons.repository	WARN	Search failed when repopulating cache
1568554569790	addons.xpi	DEBUG	updateAddonRepositoryData found 5 visible add-ons
1568554569792	addons.update-dialog	DEBUG	VersionInfo updates finished: found []
1568554569793	addons.update-dialog	INFO	VersionInfo: No updates require further action
1568554569834	addons.xpi-utils	DEBUG	Writing add-ons list
1568554569839	addons.xpi	DEBUG	Registering manifest for C:\Program Files (x86)\Mozilla Firefox\browser\features\e10srollout@mozilla.org.xpi
1568554569840	addons.xpi	DEBUG	Calling bootstrap method startup on e10srollout@mozilla.org version 1.0
1568554569840	addons.xpi	DEBUG	Registering manifest for C:\Program Files (x86)\Mozilla Firefox\browser\features\firefox@getpocket.com.xpi
1568554569841	addons.xpi	DEBUG	Calling bootstrap method startup on firefox@getpocket.com version 1.0.4
1568554569843	addons.xpi	DEBUG	Registering manifest for C:\Program Files (x86)\Mozilla Firefox\browser\features\loop@mozilla.org.xpi
1568554569844	addons.xpi	DEBUG	Calling bootstrap method startup on loop@mozilla.org version 1.4.3
1568554569890	addons.manager	DEBUG	Registering shutdown blocker for XPIProvider
1568554569890	addons.manager	DEBUG	Provider finished startup: XPIProvider
1568554569890	addons.manager	DEBUG	Starting provider: LightweightThemeManager
1568554569891	addons.manager	DEBUG	Registering shutdown blocker for LightweightThemeManager
1568554569891	addons.manager	DEBUG	Provider finished startup: LightweightThemeManager
1568554569892	addons.manager	DEBUG	Starting provider: GMPProvider
1568554569903	addons.manager	DEBUG	Registering shutdown blocker for GMPProvider
1568554569904	addons.manager	DEBUG	Provider finished startup: GMPProvider
1568554569904	addons.manager	DEBUG	Starting provider: PluginProvider
1568554569904	addons.manager	DEBUG	Registering shutdown blocker for PluginProvider
1568554569904	addons.manager	DEBUG	Provider finished startup: PluginProvider
1568554569905	addons.manager	DEBUG	Completed startup sequence
1568554570604	addons.manager	DEBUG	Starting provider: &lt;unnamed-provider&gt;
1568554570604	addons.manager	DEBUG	Registering shutdown blocker for &lt;unnamed-provider&gt;
1568554570605	addons.manager	DEBUG	Provider finished startup: &lt;unnamed-provider&gt;
1568554570645	addons.manager	DEBUG	Starting provider: PreviousExperimentProvider
1568554570645	addons.manager	DEBUG	Registering shutdown blocker for PreviousExperimentProvider
1568554570646	addons.manager	DEBUG	Provider finished startup: PreviousExperimentProvider
console.error: 
  Message: Error: Error(s) encountered during statement execution: no such table: moz_hosts
  Stack:
    ConnectionData.prototype&lt;._executeStatement/pending&lt;.handleCompletion@resource://gre/modules/Sqlite.jsm:807:25

1568554579704	addons.xpi	DEBUG	Calling bootstrap method shutdown on e10srollout@mozilla.org version 1.0
1568554579704	addons.xpi	DEBUG	Calling bootstrap method shutdown on firefox@getpocket.com version 1.0.4
1568554579706	addons.xpi	DEBUG	Calling bootstrap method shutdown on loop@mozilla.org version 1.4.3
1568554579897	addons.manager	DEBUG	shutdown
1568554579898	addons.manager	DEBUG	Calling shutdown blocker for XPIProvider
1568554579898	addons.xpi	DEBUG	shutdown
1568554579899	addons.xpi-utils	DEBUG	shutdown
1568554579900	addons.manager	DEBUG	Calling shutdown blocker for LightweightThemeManager
1568554579900	addons.manager	DEBUG	Calling shutdown blocker for GMPProvider
1568554579904	addons.manager	DEBUG	Calling shutdown blocker for PluginProvider
1568554579905	addons.manager	DEBUG	Calling shutdown blocker for &lt;unnamed-provider&gt;
1568554579909	addons.manager	DEBUG	Calling shutdown blocker for PreviousExperimentProvider
1568554579912	addons.xpi	DEBUG	Notifying XPI shutdown observers
1568554579920	addons.manager	DEBUG	Async provider shutdown done

Build info: version: &#039;2.53.0&#039;, revision: &#039;35ae25b&#039;, time: &#039;2016-03-15 17:00:58&#039;
System info: host: &#039;Dell-PC&#039;, ip: &#039;192.168.0.12&#039;, os.name: &#039;Windows 7&#039;, os.arch: &#039;amd64&#039;, os.version: &#039;6.1&#039;, java.version: &#039;1.8.0_221&#039;
Driver info: driver.version: FirefoxDriver">
      <![CDATA[org.openqa.selenium.WebDriverException: Failed to connect to binary FirefoxBinary(C:\Program Files (x86)\Mozilla Firefox\firefox.exe) on port 7055; process output follows: 
fox&appOS=WINNT&appVersion=48.0
1568554568739	DeferredSave.extensions.json	DEBUG	Starting write
1568554568756	DeferredSave.extensions.json	DEBUG	Write succeeded
1568554569786	addons.repository	DEBUG	Got metadata search load event
1568554569787	addons.repository	WARN	Search failed when repopulating cache
1568554569790	addons.xpi	DEBUG	updateAddonRepositoryData found 5 visible add-ons
1568554569792	addons.update-dialog	DEBUG	VersionInfo updates finished: found []
1568554569793	addons.update-dialog	INFO	VersionInfo: No updates require further action
1568554569834	addons.xpi-utils	DEBUG	Writing add-ons list
1568554569839	addons.xpi	DEBUG	Registering manifest for C:\Program Files (x86)\Mozilla Firefox\browser\features\e10srollout@mozilla.org.xpi
1568554569840	addons.xpi	DEBUG	Calling bootstrap method startup on e10srollout@mozilla.org version 1.0
1568554569840	addons.xpi	DEBUG	Registering manifest for C:\Program Files (x86)\Mozilla Firefox\browser\features\firefox@getpocket.com.xpi
1568554569841	addons.xpi	DEBUG	Calling bootstrap method startup on firefox@getpocket.com version 1.0.4
1568554569843	addons.xpi	DEBUG	Registering manifest for C:\Program Files (x86)\Mozilla Firefox\browser\features\loop@mozilla.org.xpi
1568554569844	addons.xpi	DEBUG	Calling bootstrap method startup on loop@mozilla.org version 1.4.3
1568554569890	addons.manager	DEBUG	Registering shutdown blocker for XPIProvider
1568554569890	addons.manager	DEBUG	Provider finished startup: XPIProvider
1568554569890	addons.manager	DEBUG	Starting provider: LightweightThemeManager
1568554569891	addons.manager	DEBUG	Registering shutdown blocker for LightweightThemeManager
1568554569891	addons.manager	DEBUG	Provider finished startup: LightweightThemeManager
1568554569892	addons.manager	DEBUG	Starting provider: GMPProvider
1568554569903	addons.manager	DEBUG	Registering shutdown blocker for GMPProvider
1568554569904	addons.manager	DEBUG	Provider finished startup: GMPProvider
1568554569904	addons.manager	DEBUG	Starting provider: PluginProvider
1568554569904	addons.manager	DEBUG	Registering shutdown blocker for PluginProvider
1568554569904	addons.manager	DEBUG	Provider finished startup: PluginProvider
1568554569905	addons.manager	DEBUG	Completed startup sequence
1568554570604	addons.manager	DEBUG	Starting provider: <unnamed-provider>
1568554570604	addons.manager	DEBUG	Registering shutdown blocker for <unnamed-provider>
1568554570605	addons.manager	DEBUG	Provider finished startup: <unnamed-provider>
1568554570645	addons.manager	DEBUG	Starting provider: PreviousExperimentProvider
1568554570645	addons.manager	DEBUG	Registering shutdown blocker for PreviousExperimentProvider
1568554570646	addons.manager	DEBUG	Provider finished startup: PreviousExperimentProvider
console.error: 
  Message: Error: Error(s) encountered during statement execution: no such table: moz_hosts
  Stack:
    ConnectionData.prototype<._executeStatement/pending<.handleCompletion@resource://gre/modules/Sqlite.jsm:807:25

1568554579704	addons.xpi	DEBUG	Calling bootstrap method shutdown on e10srollout@mozilla.org version 1.0
1568554579704	addons.xpi	DEBUG	Calling bootstrap method shutdown on firefox@getpocket.com version 1.0.4
1568554579706	addons.xpi	DEBUG	Calling bootstrap method shutdown on loop@mozilla.org version 1.4.3
1568554579897	addons.manager	DEBUG	shutdown
1568554579898	addons.manager	DEBUG	Calling shutdown blocker for XPIProvider
1568554579898	addons.xpi	DEBUG	shutdown
1568554579899	addons.xpi-utils	DEBUG	shutdown
1568554579900	addons.manager	DEBUG	Calling shutdown blocker for LightweightThemeManager
1568554579900	addons.manager	DEBUG	Calling shutdown blocker for GMPProvider
1568554579904	addons.manager	DEBUG	Calling shutdown blocker for PluginProvider
1568554579905	addons.manager	DEBUG	Calling shutdown blocker for <unnamed-provider>
1568554579909	addons.manager	DEBUG	Calling shutdown blocker for PreviousExperimentProvider
1568554579912	addons.xpi	DEBUG	Notifying XPI shutdown observers
1568554579920	addons.manager	DEBUG	Async provider shutdown done

Build info: version: '2.53.0', revision: '35ae25b', time: '2016-03-15 17:00:58'
System info: host: 'Dell-PC', ip: '192.168.0.12', os.name: 'Windows 7', os.arch: 'amd64', os.version: '6.1', java.version: '1.8.0_221'
Driver info: driver.version: FirefoxDriver
	at org.openqa.selenium.firefox.internal.NewProfileExtensionConnection.start(NewProfileExtensionConnection.java:124)
	at org.openqa.selenium.firefox.FirefoxDriver.startClient(FirefoxDriver.java:271)
	at org.openqa.selenium.remote.RemoteWebDriver.<init>(RemoteWebDriver.java:119)
	at org.openqa.selenium.firefox.FirefoxDriver.<init>(FirefoxDriver.java:218)
	at org.openqa.selenium.firefox.FirefoxDriver.<init>(FirefoxDriver.java:211)
	at org.openqa.selenium.firefox.FirefoxDriver.<init>(FirefoxDriver.java:207)
	at org.openqa.selenium.firefox.FirefoxDriver.<init>(FirefoxDriver.java:124)
	at AdvanceSelenium.tc1.open(tc1.java:30)
	at sun.reflect.NativeMethodAccessorImpl.invoke0(Native Method)
	at sun.reflect.NativeMethodAccessorImpl.invoke(Unknown Source)
	at sun.reflect.DelegatingMethodAccessorImpl.invoke(Unknown Source)
	at java.lang.reflect.Method.invoke(Unknown Source)
	at org.testng.internal.MethodInvocationHelper.invokeMethod(MethodInvocationHelper.java:85)
	at org.testng.internal.Invoker.invokeConfigurationMethod(Invoker.java:510)
	at org.testng.internal.Invoker.invokeConfigurations(Invoker.java:211)
	at org.testng.internal.Invoker.invokeConfigurations(Invoker.java:138)
	at org.testng.TestRunner.beforeRun(TestRunner.java:648)
	at org.testng.TestRunner.run(TestRunner.java:616)
	at org.testng.SuiteRunner.runTest(SuiteRunner.java:359)
	at org.testng.SuiteRunner.runSequentially(SuiteRunner.java:354)
	at org.testng.SuiteRunner.privateRun(SuiteRunner.java:312)
	at org.testng.SuiteRunner.run(SuiteRunner.java:261)
	at org.testng.SuiteRunnerWorker.runSuite(SuiteRunnerWorker.java:52)
	at org.testng.SuiteRunnerWorker.run(SuiteRunnerWorker.java:86)
	at org.testng.TestNG.runSuitesSequentially(TestNG.java:1215)
	at org.testng.TestNG.runSuitesLocally(TestNG.java:1140)
	at org.testng.TestNG.run(TestNG.java:1048)
	at org.testng.remote.AbstractRemoteTestNG.run(AbstractRemoteTestNG.java:132)
	at org.testng.remote.RemoteTestNG.initAndRun(RemoteTestNG.java:236)
	at org.testng.remote.RemoteTestNG.main(RemoteTestNG.java:81)
Caused by: org.openqa.selenium.firefox.NotConnectedException: Unable to connect to host 127.0.0.1 on port 7055 after 45000 ms. Firefox console output:
fox&appOS=WINNT&appVersion=48.0
1568554568739	DeferredSave.extensions.json	DEBUG	Starting write
1568554568756	DeferredSave.extensions.json	DEBUG	Write succeeded
1568554569786	addons.repository	DEBUG	Got metadata search load event
1568554569787	addons.repository	WARN	Search failed when repopulating cache
1568554569790	addons.xpi	DEBUG	updateAddonRepositoryData found 5 visible add-ons
1568554569792	addons.update-dialog	DEBUG	VersionInfo updates finished: found []
1568554569793	addons.update-dialog	INFO	VersionInfo: No updates require further action
1568554569834	addons.xpi-utils	DEBUG	Writing add-ons list
1568554569839	addons.xpi	DEBUG	Registering manifest for C:\Program Files (x86)\Mozilla Firefox\browser\features\e10srollout@mozilla.org.xpi
1568554569840	addons.xpi	DEBUG	Calling bootstrap method startup on e10srollout@mozilla.org version 1.0
1568554569840	addons.xpi	DEBUG	Registering manifest for C:\Program Files (x86)\Mozilla Firefox\browser\features\firefox@getpocket.com.xpi
1568554569841	addons.xpi	DEBUG	Calling bootstrap method startup on firefox@getpocket.com version 1.0.4
1568554569843	addons.xpi	DEBUG	Registering manifest for C:\Program Files (x86)\Mozilla Firefox\browser\features\loop@mozilla.org.xpi
1568554569844	addons.xpi	DEBUG	Calling bootstrap method startup on loop@mozilla.org version 1.4.3
1568554569890	addons.manager	DEBUG	Registering shutdown blocker for XPIProvider
1568554569890	addons.manager	DEBUG	Provider finished startup: XPIProvider
1568554569890	addons.manager	DEBUG	Starting provider: LightweightThemeManager
1568554569891	addons.manager	DEBUG	Registering shutdown blocker for LightweightThemeManager
1568554569891	addons.manager	DEBUG	Provider finished startup: LightweightThemeManager
1568554569892	addons.manager	DEBUG	Starting provider: GMPProvider
1568554569903	addons.manager	DEBUG	Registering shutdown blocker for GMPProvider
1568554569904	addons.manager	DEBUG	Provider finished startup: GMPProvider
1568554569904	addons.manager	DEBUG	Starting provider: PluginProvider
1568554569904	addons.manager	DEBUG	Registering shutdown blocker for PluginProvider
1568554569904	addons.manager	DEBUG	Provider finished startup: PluginProvider
1568554569905	addons.manager	DEBUG	Completed startup sequence
1568554570604	addons.manager	DEBUG	Starting provider: <unnamed-provider>
1568554570604	addons.manager	DEBUG	Registering shutdown blocker for <unnamed-provider>
1568554570605	addons.manager	DEBUG	Provider finished startup: <unnamed-provider>
1568554570645	addons.manager	DEBUG	Starting provider: PreviousExperimentProvider
1568554570645	addons.manager	DEBUG	Registering shutdown blocker for PreviousExperimentProvider
1568554570646	addons.manager	DEBUG	Provider finished startup: PreviousExperimentProvider
console.error: 
  Message: Error: Error(s) encountered during statement execution: no such table: moz_hosts
  Stack:
    ConnectionData.prototype<._executeStatement/pending<.handleCompletion@resource://gre/modules/Sqlite.jsm:807:25

1568554579704	addons.xpi	DEBUG	Calling bootstrap method shutdown on e10srollout@mozilla.org version 1.0
1568554579704	addons.xpi	DEBUG	Calling bootstrap method shutdown on firefox@getpocket.com version 1.0.4
1568554579706	addons.xpi	DEBUG	Calling bootstrap method shutdown on loop@mozilla.org version 1.4.3
1568554579897	addons.manager	DEBUG	shutdown
1568554579898	addons.manager	DEBUG	Calling shutdown blocker for XPIProvider
1568554579898	addons.xpi	DEBUG	shutdown
1568554579899	addons.xpi-utils	DEBUG	shutdown
1568554579900	addons.manager	DEBUG	Calling shutdown blocker for LightweightThemeManager
1568554579900	addons.manager	DEBUG	Calling shutdown blocker for GMPProvider
1568554579904	addons.manager	DEBUG	Calling shutdown blocker for PluginProvider
1568554579905	addons.manager	DEBUG	Calling shutdown blocker for <unnamed-provider>
1568554579909	addons.manager	DEBUG	Calling shutdown blocker for PreviousExperimentProvider
1568554579912	addons.xpi	DEBUG	Notifying XPI shutdown observers
1568554579920	addons.manager	DEBUG	Async provider shutdown done

	at org.openqa.selenium.firefox.internal.NewProfileExtensionConnection.start(NewProfileExtensionConnection.java:112)
	... 29 more
]]>
    </error>
  </testcase> <!-- loginstatus -->
  <testcase name="login" time="0.003" classname="AdvanceSelenium.tc1">
    <error type="org.openqa.selenium.WebDriverException" message="Failed to connect to binary FirefoxBinary(C:\Program Files (x86)\Mozilla Firefox\firefox.exe) on port 7055; process output follows: 
fox&amp;appOS=WINNT&amp;appVersion=48.0
1568554568739	DeferredSave.extensions.json	DEBUG	Starting write
1568554568756	DeferredSave.extensions.json	DEBUG	Write succeeded
1568554569786	addons.repository	DEBUG	Got metadata search load event
1568554569787	addons.repository	WARN	Search failed when repopulating cache
1568554569790	addons.xpi	DEBUG	updateAddonRepositoryData found 5 visible add-ons
1568554569792	addons.update-dialog	DEBUG	VersionInfo updates finished: found []
1568554569793	addons.update-dialog	INFO	VersionInfo: No updates require further action
1568554569834	addons.xpi-utils	DEBUG	Writing add-ons list
1568554569839	addons.xpi	DEBUG	Registering manifest for C:\Program Files (x86)\Mozilla Firefox\browser\features\e10srollout@mozilla.org.xpi
1568554569840	addons.xpi	DEBUG	Calling bootstrap method startup on e10srollout@mozilla.org version 1.0
1568554569840	addons.xpi	DEBUG	Registering manifest for C:\Program Files (x86)\Mozilla Firefox\browser\features\firefox@getpocket.com.xpi
1568554569841	addons.xpi	DEBUG	Calling bootstrap method startup on firefox@getpocket.com version 1.0.4
1568554569843	addons.xpi	DEBUG	Registering manifest for C:\Program Files (x86)\Mozilla Firefox\browser\features\loop@mozilla.org.xpi
1568554569844	addons.xpi	DEBUG	Calling bootstrap method startup on loop@mozilla.org version 1.4.3
1568554569890	addons.manager	DEBUG	Registering shutdown blocker for XPIProvider
1568554569890	addons.manager	DEBUG	Provider finished startup: XPIProvider
1568554569890	addons.manager	DEBUG	Starting provider: LightweightThemeManager
1568554569891	addons.manager	DEBUG	Registering shutdown blocker for LightweightThemeManager
1568554569891	addons.manager	DEBUG	Provider finished startup: LightweightThemeManager
1568554569892	addons.manager	DEBUG	Starting provider: GMPProvider
1568554569903	addons.manager	DEBUG	Registering shutdown blocker for GMPProvider
1568554569904	addons.manager	DEBUG	Provider finished startup: GMPProvider
1568554569904	addons.manager	DEBUG	Starting provider: PluginProvider
1568554569904	addons.manager	DEBUG	Registering shutdown blocker for PluginProvider
1568554569904	addons.manager	DEBUG	Provider finished startup: PluginProvider
1568554569905	addons.manager	DEBUG	Completed startup sequence
1568554570604	addons.manager	DEBUG	Starting provider: &lt;unnamed-provider&gt;
1568554570604	addons.manager	DEBUG	Registering shutdown blocker for &lt;unnamed-provider&gt;
1568554570605	addons.manager	DEBUG	Provider finished startup: &lt;unnamed-provider&gt;
1568554570645	addons.manager	DEBUG	Starting provider: PreviousExperimentProvider
1568554570645	addons.manager	DEBUG	Registering shutdown blocker for PreviousExperimentProvider
1568554570646	addons.manager	DEBUG	Provider finished startup: PreviousExperimentProvider
console.error: 
  Message: Error: Error(s) encountered during statement execution: no such table: moz_hosts
  Stack:
    ConnectionData.prototype&lt;._executeStatement/pending&lt;.handleCompletion@resource://gre/modules/Sqlite.jsm:807:25

1568554579704	addons.xpi	DEBUG	Calling bootstrap method shutdown on e10srollout@mozilla.org version 1.0
1568554579704	addons.xpi	DEBUG	Calling bootstrap method shutdown on firefox@getpocket.com version 1.0.4
1568554579706	addons.xpi	DEBUG	Calling bootstrap method shutdown on loop@mozilla.org version 1.4.3
1568554579897	addons.manager	DEBUG	shutdown
1568554579898	addons.manager	DEBUG	Calling shutdown blocker for XPIProvider
1568554579898	addons.xpi	DEBUG	shutdown
1568554579899	addons.xpi-utils	DEBUG	shutdown
1568554579900	addons.manager	DEBUG	Calling shutdown blocker for LightweightThemeManager
1568554579900	addons.manager	DEBUG	Calling shutdown blocker for GMPProvider
1568554579904	addons.manager	DEBUG	Calling shutdown blocker for PluginProvider
1568554579905	addons.manager	DEBUG	Calling shutdown blocker for &lt;unnamed-provider&gt;
1568554579909	addons.manager	DEBUG	Calling shutdown blocker for PreviousExperimentProvider
1568554579912	addons.xpi	DEBUG	Notifying XPI shutdown observers
1568554579920	addons.manager	DEBUG	Async provider shutdown done

Build info: version: &#039;2.53.0&#039;, revision: &#039;35ae25b&#039;, time: &#039;2016-03-15 17:00:58&#039;
System info: host: &#039;Dell-PC&#039;, ip: &#039;192.168.0.12&#039;, os.name: &#039;Windows 7&#039;, os.arch: &#039;amd64&#039;, os.version: &#039;6.1&#039;, java.version: &#039;1.8.0_221&#039;
Driver info: driver.version: FirefoxDriver">
      <![CDATA[org.openqa.selenium.WebDriverException: Failed to connect to binary FirefoxBinary(C:\Program Files (x86)\Mozilla Firefox\firefox.exe) on port 7055; process output follows: 
fox&appOS=WINNT&appVersion=48.0
1568554568739	DeferredSave.extensions.json	DEBUG	Starting write
1568554568756	DeferredSave.extensions.json	DEBUG	Write succeeded
1568554569786	addons.repository	DEBUG	Got metadata search load event
1568554569787	addons.repository	WARN	Search failed when repopulating cache
1568554569790	addons.xpi	DEBUG	updateAddonRepositoryData found 5 visible add-ons
1568554569792	addons.update-dialog	DEBUG	VersionInfo updates finished: found []
1568554569793	addons.update-dialog	INFO	VersionInfo: No updates require further action
1568554569834	addons.xpi-utils	DEBUG	Writing add-ons list
1568554569839	addons.xpi	DEBUG	Registering manifest for C:\Program Files (x86)\Mozilla Firefox\browser\features\e10srollout@mozilla.org.xpi
1568554569840	addons.xpi	DEBUG	Calling bootstrap method startup on e10srollout@mozilla.org version 1.0
1568554569840	addons.xpi	DEBUG	Registering manifest for C:\Program Files (x86)\Mozilla Firefox\browser\features\firefox@getpocket.com.xpi
1568554569841	addons.xpi	DEBUG	Calling bootstrap method startup on firefox@getpocket.com version 1.0.4
1568554569843	addons.xpi	DEBUG	Registering manifest for C:\Program Files (x86)\Mozilla Firefox\browser\features\loop@mozilla.org.xpi
1568554569844	addons.xpi	DEBUG	Calling bootstrap method startup on loop@mozilla.org version 1.4.3
1568554569890	addons.manager	DEBUG	Registering shutdown blocker for XPIProvider
1568554569890	addons.manager	DEBUG	Provider finished startup: XPIProvider
1568554569890	addons.manager	DEBUG	Starting provider: LightweightThemeManager
1568554569891	addons.manager	DEBUG	Registering shutdown blocker for LightweightThemeManager
1568554569891	addons.manager	DEBUG	Provider finished startup: LightweightThemeManager
1568554569892	addons.manager	DEBUG	Starting provider: GMPProvider
1568554569903	addons.manager	DEBUG	Registering shutdown blocker for GMPProvider
1568554569904	addons.manager	DEBUG	Provider finished startup: GMPProvider
1568554569904	addons.manager	DEBUG	Starting provider: PluginProvider
1568554569904	addons.manager	DEBUG	Registering shutdown blocker for PluginProvider
1568554569904	addons.manager	DEBUG	Provider finished startup: PluginProvider
1568554569905	addons.manager	DEBUG	Completed startup sequence
1568554570604	addons.manager	DEBUG	Starting provider: <unnamed-provider>
1568554570604	addons.manager	DEBUG	Registering shutdown blocker for <unnamed-provider>
1568554570605	addons.manager	DEBUG	Provider finished startup: <unnamed-provider>
1568554570645	addons.manager	DEBUG	Starting provider: PreviousExperimentProvider
1568554570645	addons.manager	DEBUG	Registering shutdown blocker for PreviousExperimentProvider
1568554570646	addons.manager	DEBUG	Provider finished startup: PreviousExperimentProvider
console.error: 
  Message: Error: Error(s) encountered during statement execution: no such table: moz_hosts
  Stack:
    ConnectionData.prototype<._executeStatement/pending<.handleCompletion@resource://gre/modules/Sqlite.jsm:807:25

1568554579704	addons.xpi	DEBUG	Calling bootstrap method shutdown on e10srollout@mozilla.org version 1.0
1568554579704	addons.xpi	DEBUG	Calling bootstrap method shutdown on firefox@getpocket.com version 1.0.4
1568554579706	addons.xpi	DEBUG	Calling bootstrap method shutdown on loop@mozilla.org version 1.4.3
1568554579897	addons.manager	DEBUG	shutdown
1568554579898	addons.manager	DEBUG	Calling shutdown blocker for XPIProvider
1568554579898	addons.xpi	DEBUG	shutdown
1568554579899	addons.xpi-utils	DEBUG	shutdown
1568554579900	addons.manager	DEBUG	Calling shutdown blocker for LightweightThemeManager
1568554579900	addons.manager	DEBUG	Calling shutdown blocker for GMPProvider
1568554579904	addons.manager	DEBUG	Calling shutdown blocker for PluginProvider
1568554579905	addons.manager	DEBUG	Calling shutdown blocker for <unnamed-provider>
1568554579909	addons.manager	DEBUG	Calling shutdown blocker for PreviousExperimentProvider
1568554579912	addons.xpi	DEBUG	Notifying XPI shutdown observers
1568554579920	addons.manager	DEBUG	Async provider shutdown done

Build info: version: '2.53.0', revision: '35ae25b', time: '2016-03-15 17:00:58'
System info: host: 'Dell-PC', ip: '192.168.0.12', os.name: 'Windows 7', os.arch: 'amd64', os.version: '6.1', java.version: '1.8.0_221'
Driver info: driver.version: FirefoxDriver
	at org.openqa.selenium.firefox.internal.NewProfileExtensionConnection.start(NewProfileExtensionConnection.java:124)
	at org.openqa.selenium.firefox.FirefoxDriver.startClient(FirefoxDriver.java:271)
	at org.openqa.selenium.remote.RemoteWebDriver.<init>(RemoteWebDriver.java:119)
	at org.openqa.selenium.firefox.FirefoxDriver.<init>(FirefoxDriver.java:218)
	at org.openqa.selenium.firefox.FirefoxDriver.<init>(FirefoxDriver.java:211)
	at org.openqa.selenium.firefox.FirefoxDriver.<init>(FirefoxDriver.java:207)
	at org.openqa.selenium.firefox.FirefoxDriver.<init>(FirefoxDriver.java:124)
	at AdvanceSelenium.tc1.open(tc1.java:30)
	at sun.reflect.NativeMethodAccessorImpl.invoke0(Native Method)
	at sun.reflect.NativeMethodAccessorImpl.invoke(Unknown Source)
	at sun.reflect.DelegatingMethodAccessorImpl.invoke(Unknown Source)
	at java.lang.reflect.Method.invoke(Unknown Source)
	at org.testng.internal.MethodInvocationHelper.invokeMethod(MethodInvocationHelper.java:85)
	at org.testng.internal.Invoker.invokeConfigurationMethod(Invoker.java:510)
	at org.testng.internal.Invoker.invokeConfigurations(Invoker.java:211)
	at org.testng.internal.Invoker.invokeConfigurations(Invoker.java:138)
	at org.testng.TestRunner.beforeRun(TestRunner.java:648)
	at org.testng.TestRunner.run(TestRunner.java:616)
	at org.testng.SuiteRunner.runTest(SuiteRunner.java:359)
	at org.testng.SuiteRunner.runSequentially(SuiteRunner.java:354)
	at org.testng.SuiteRunner.privateRun(SuiteRunner.java:312)
	at org.testng.SuiteRunner.run(SuiteRunner.java:261)
	at org.testng.SuiteRunnerWorker.runSuite(SuiteRunnerWorker.java:52)
	at org.testng.SuiteRunnerWorker.run(SuiteRunnerWorker.java:86)
	at org.testng.TestNG.runSuitesSequentially(TestNG.java:1215)
	at org.testng.TestNG.runSuitesLocally(TestNG.java:1140)
	at org.testng.TestNG.run(TestNG.java:1048)
	at org.testng.remote.AbstractRemoteTestNG.run(AbstractRemoteTestNG.java:132)
	at org.testng.remote.RemoteTestNG.initAndRun(RemoteTestNG.java:236)
	at org.testng.remote.RemoteTestNG.main(RemoteTestNG.java:81)
Caused by: org.openqa.selenium.firefox.NotConnectedException: Unable to connect to host 127.0.0.1 on port 7055 after 45000 ms. Firefox console output:
fox&appOS=WINNT&appVersion=48.0
1568554568739	DeferredSave.extensions.json	DEBUG	Starting write
1568554568756	DeferredSave.extensions.json	DEBUG	Write succeeded
1568554569786	addons.repository	DEBUG	Got metadata search load event
1568554569787	addons.repository	WARN	Search failed when repopulating cache
1568554569790	addons.xpi	DEBUG	updateAddonRepositoryData found 5 visible add-ons
1568554569792	addons.update-dialog	DEBUG	VersionInfo updates finished: found []
1568554569793	addons.update-dialog	INFO	VersionInfo: No updates require further action
1568554569834	addons.xpi-utils	DEBUG	Writing add-ons list
1568554569839	addons.xpi	DEBUG	Registering manifest for C:\Program Files (x86)\Mozilla Firefox\browser\features\e10srollout@mozilla.org.xpi
1568554569840	addons.xpi	DEBUG	Calling bootstrap method startup on e10srollout@mozilla.org version 1.0
1568554569840	addons.xpi	DEBUG	Registering manifest for C:\Program Files (x86)\Mozilla Firefox\browser\features\firefox@getpocket.com.xpi
1568554569841	addons.xpi	DEBUG	Calling bootstrap method startup on firefox@getpocket.com version 1.0.4
1568554569843	addons.xpi	DEBUG	Registering manifest for C:\Program Files (x86)\Mozilla Firefox\browser\features\loop@mozilla.org.xpi
1568554569844	addons.xpi	DEBUG	Calling bootstrap method startup on loop@mozilla.org version 1.4.3
1568554569890	addons.manager	DEBUG	Registering shutdown blocker for XPIProvider
1568554569890	addons.manager	DEBUG	Provider finished startup: XPIProvider
1568554569890	addons.manager	DEBUG	Starting provider: LightweightThemeManager
1568554569891	addons.manager	DEBUG	Registering shutdown blocker for LightweightThemeManager
1568554569891	addons.manager	DEBUG	Provider finished startup: LightweightThemeManager
1568554569892	addons.manager	DEBUG	Starting provider: GMPProvider
1568554569903	addons.manager	DEBUG	Registering shutdown blocker for GMPProvider
1568554569904	addons.manager	DEBUG	Provider finished startup: GMPProvider
1568554569904	addons.manager	DEBUG	Starting provider: PluginProvider
1568554569904	addons.manager	DEBUG	Registering shutdown blocker for PluginProvider
1568554569904	addons.manager	DEBUG	Provider finished startup: PluginProvider
1568554569905	addons.manager	DEBUG	Completed startup sequence
1568554570604	addons.manager	DEBUG	Starting provider: <unnamed-provider>
1568554570604	addons.manager	DEBUG	Registering shutdown blocker for <unnamed-provider>
1568554570605	addons.manager	DEBUG	Provider finished startup: <unnamed-provider>
1568554570645	addons.manager	DEBUG	Starting provider: PreviousExperimentProvider
1568554570645	addons.manager	DEBUG	Registering shutdown blocker for PreviousExperimentProvider
1568554570646	addons.manager	DEBUG	Provider finished startup: PreviousExperimentProvider
console.error: 
  Message: Error: Error(s) encountered during statement execution: no such table: moz_hosts
  Stack:
    ConnectionData.prototype<._executeStatement/pending<.handleCompletion@resource://gre/modules/Sqlite.jsm:807:25

1568554579704	addons.xpi	DEBUG	Calling bootstrap method shutdown on e10srollout@mozilla.org version 1.0
1568554579704	addons.xpi	DEBUG	Calling bootstrap method shutdown on firefox@getpocket.com version 1.0.4
1568554579706	addons.xpi	DEBUG	Calling bootstrap method shutdown on loop@mozilla.org version 1.4.3
1568554579897	addons.manager	DEBUG	shutdown
1568554579898	addons.manager	DEBUG	Calling shutdown blocker for XPIProvider
1568554579898	addons.xpi	DEBUG	shutdown
1568554579899	addons.xpi-utils	DEBUG	shutdown
1568554579900	addons.manager	DEBUG	Calling shutdown blocker for LightweightThemeManager
1568554579900	addons.manager	DEBUG	Calling shutdown blocker for GMPProvider
1568554579904	addons.manager	DEBUG	Calling shutdown blocker for PluginProvider
1568554579905	addons.manager	DEBUG	Calling shutdown blocker for <unnamed-provider>
1568554579909	addons.manager	DEBUG	Calling shutdown blocker for PreviousExperimentProvider
1568554579912	addons.xpi	DEBUG	Notifying XPI shutdown observers
1568554579920	addons.manager	DEBUG	Async provider shutdown done

	at org.openqa.selenium.firefox.internal.NewProfileExtensionConnection.start(NewProfileExtensionConnection.java:112)
	... 29 more
]]>
    </error>
  </testcase> <!-- login -->
</testsuite> <!-- AdvanceSelenium.tc1 -->
