<?xml version="1.0" encoding="UTF-8"?>
<!-- Generated by org.testng.reporters.JUnitReportReporter -->
<testsuite hostname="Dell-PC" name="workingwithjavascriptexecutor.datepicker" tests="1" failures="0" timestamp="28 Sep 2019 16:54:52 GMT" time="0.408" errors="0">
  <testcase name="data" time="0.408" classname="workingwithjavascriptexecutor.datepicker"/>
</testsuite> <!-- workingwithjavascriptexecutor.datepicker -->
