<?xml version="1.0" encoding="UTF-8"?>
<!-- Generated by org.testng.reporters.JUnitReportReporter -->
<testsuite hostname="Dell-PC" name="AdvanceSelenium.workingwithmultiplewindows" tests="1" failures="0" timestamp="20 Sep 2019 13:58:26 GMT" time="0.003" errors="1">
  <testcase name="data" time="0.003" classname="AdvanceSelenium.workingwithmultiplewindows">
    <error type="org.openqa.selenium.WebDriverException" message="Failed to connect to binary FirefoxBinary(C:\Program Files\Mozilla Firefox\firefox.exe) on port 7055; process output follows: 
987861227	addons.xpi-utils	DEBUG	Updating add-on states
1568987861229	addons.xpi-utils	DEBUG	Writing add-ons list
1568987861236	addons.xpi	DEBUG	shouldForceUpdateCheck startupChanges: []
1568987861236	addons.xpi	DEBUG	shouldForceUpdateCheck: metadata is stale
1568987861236	addons.xpi	DEBUG	XPI_showUpgradeUI: []
1568987861707	DeferredSave.extensions.json	DEBUG	Write succeeded
1568987861707	addons.xpi-utils	DEBUG	XPI Database saved, setting schema version preference to 17
1568987861708	DeferredSave.extensions.json	DEBUG	Starting timer
1568987861711	addons.repository	DEBUG	Repopulate add-on cache with [&quot;fxdriver@googlecode.com&quot;, &quot;e10srollout@mozilla.org&quot;, &quot;firefox@getpocket.com&quot;, &quot;loop@mozilla.org&quot;, &quot;websensehelper@mozilla.org&quot;, &quot;{972ce4c6-7e08-4474-a285-3208198ce6fd}&quot;]
1568987861726	addons.repository	DEBUG	Requesting https://services.addons.mozilla.org/en-US/firefox/api/1.5/search/guid:fxdriver%40googlecode.com,e10srollout%40mozilla.org,firefox%40getpocket.com,loop%40mozilla.org,websensehelper%40mozilla.org,%7B972ce4c6-7e08-4474-a285-3208198ce6fd%7D?src=firefox&amp;appOS=WINNT&amp;appVersion=47.0.2
1568987861774	DeferredSave.extensions.json	DEBUG	Starting write
1568987861787	DeferredSave.extensions.json	DEBUG	Write succeeded
1568987862695	addons.repository	DEBUG	Got metadata search load event
1568987862695	addons.repository	WARN	Search failed when repopulating cache
1568987862698	addons.xpi	DEBUG	updateAddonRepositoryData found 6 visible add-ons
1568987862700	addons.update-dialog	DEBUG	VersionInfo updates finished: found []
1568987862700	addons.update-dialog	INFO	VersionInfo: No updates require further action
1568987862709	addons.xpi-utils	DEBUG	Writing add-ons list
1568987862713	addons.xpi	DEBUG	Registering manifest for C:\Program Files\Mozilla Firefox\browser\features\e10srollout@mozilla.org.xpi
1568987862714	addons.xpi	DEBUG	Calling bootstrap method startup on e10srollout@mozilla.org version 1.0
1568987862714	addons.xpi	DEBUG	Registering manifest for C:\Program Files\Mozilla Firefox\browser\features\firefox@getpocket.com.xpi
1568987862715	addons.xpi	DEBUG	Calling bootstrap method startup on firefox@getpocket.com version 1.0.2
1568987862717	addons.xpi	DEBUG	Registering manifest for C:\Program Files\Mozilla Firefox\browser\features\loop@mozilla.org.xpi
1568987862718	addons.xpi	DEBUG	Calling bootstrap method startup on loop@mozilla.org version 1.3.2
1568987862758	addons.xpi	DEBUG	Registering manifest for C:\Program Files\Mozilla Firefox\browser\features\websensehelper@mozilla.org.xpi
1568987862759	addons.xpi	DEBUG	Calling bootstrap method startup on websensehelper@mozilla.org version 1.0
1568987862766	addons.manager	DEBUG	Registering shutdown blocker for XPIProvider
1568987862767	addons.manager	DEBUG	Provider finished startup: XPIProvider
1568987862767	addons.manager	DEBUG	Starting provider: LightweightThemeManager
1568987862767	addons.manager	DEBUG	Registering shutdown blocker for LightweightThemeManager
1568987862767	addons.manager	DEBUG	Provider finished startup: LightweightThemeManager
1568987862768	addons.manager	DEBUG	Starting provider: GMPProvider
1568987862785	addons.manager	DEBUG	Registering shutdown blocker for GMPProvider
1568987862785	addons.manager	DEBUG	Provider finished startup: GMPProvider
1568987862785	addons.manager	DEBUG	Starting provider: PluginProvider
1568987862786	addons.manager	DEBUG	Registering shutdown blocker for PluginProvider
1568987862786	addons.manager	DEBUG	Provider finished startup: PluginProvider
1568987862787	addons.manager	DEBUG	Completed startup sequence
1568987863051	addons.manager	DEBUG	Starting provider: &lt;unnamed-provider&gt;
1568987863051	addons.manager	DEBUG	Registering shutdown blocker for &lt;unnamed-provider&gt;
1568987863052	addons.manager	DEBUG	Provider finished startup: &lt;unnamed-provider&gt;
1568987863082	addons.manager	DEBUG	Starting provider: PreviousExperimentProvider
1568987863082	addons.manager	DEBUG	Registering shutdown blocker for PreviousExperimentProvider
1568987863082	addons.manager	DEBUG	Provider finished startup: PreviousExperimentProvider

Build info: version: &#039;2.53.0&#039;, revision: &#039;35ae25b&#039;, time: &#039;2016-03-15 17:00:58&#039;
System info: host: &#039;Dell-PC&#039;, ip: &#039;192.168.0.10&#039;, os.name: &#039;Windows 7&#039;, os.arch: &#039;amd64&#039;, os.version: &#039;6.1&#039;, java.version: &#039;1.8.0_221&#039;
Driver info: driver.version: FirefoxDriver">
      <![CDATA[org.openqa.selenium.WebDriverException: Failed to connect to binary FirefoxBinary(C:\Program Files\Mozilla Firefox\firefox.exe) on port 7055; process output follows: 
987861227	addons.xpi-utils	DEBUG	Updating add-on states
1568987861229	addons.xpi-utils	DEBUG	Writing add-ons list
1568987861236	addons.xpi	DEBUG	shouldForceUpdateCheck startupChanges: []
1568987861236	addons.xpi	DEBUG	shouldForceUpdateCheck: metadata is stale
1568987861236	addons.xpi	DEBUG	XPI_showUpgradeUI: []
1568987861707	DeferredSave.extensions.json	DEBUG	Write succeeded
1568987861707	addons.xpi-utils	DEBUG	XPI Database saved, setting schema version preference to 17
1568987861708	DeferredSave.extensions.json	DEBUG	Starting timer
1568987861711	addons.repository	DEBUG	Repopulate add-on cache with ["fxdriver@googlecode.com", "e10srollout@mozilla.org", "firefox@getpocket.com", "loop@mozilla.org", "websensehelper@mozilla.org", "{972ce4c6-7e08-4474-a285-3208198ce6fd}"]
1568987861726	addons.repository	DEBUG	Requesting https://services.addons.mozilla.org/en-US/firefox/api/1.5/search/guid:fxdriver%40googlecode.com,e10srollout%40mozilla.org,firefox%40getpocket.com,loop%40mozilla.org,websensehelper%40mozilla.org,%7B972ce4c6-7e08-4474-a285-3208198ce6fd%7D?src=firefox&appOS=WINNT&appVersion=47.0.2
1568987861774	DeferredSave.extensions.json	DEBUG	Starting write
1568987861787	DeferredSave.extensions.json	DEBUG	Write succeeded
1568987862695	addons.repository	DEBUG	Got metadata search load event
1568987862695	addons.repository	WARN	Search failed when repopulating cache
1568987862698	addons.xpi	DEBUG	updateAddonRepositoryData found 6 visible add-ons
1568987862700	addons.update-dialog	DEBUG	VersionInfo updates finished: found []
1568987862700	addons.update-dialog	INFO	VersionInfo: No updates require further action
1568987862709	addons.xpi-utils	DEBUG	Writing add-ons list
1568987862713	addons.xpi	DEBUG	Registering manifest for C:\Program Files\Mozilla Firefox\browser\features\e10srollout@mozilla.org.xpi
1568987862714	addons.xpi	DEBUG	Calling bootstrap method startup on e10srollout@mozilla.org version 1.0
1568987862714	addons.xpi	DEBUG	Registering manifest for C:\Program Files\Mozilla Firefox\browser\features\firefox@getpocket.com.xpi
1568987862715	addons.xpi	DEBUG	Calling bootstrap method startup on firefox@getpocket.com version 1.0.2
1568987862717	addons.xpi	DEBUG	Registering manifest for C:\Program Files\Mozilla Firefox\browser\features\loop@mozilla.org.xpi
1568987862718	addons.xpi	DEBUG	Calling bootstrap method startup on loop@mozilla.org version 1.3.2
1568987862758	addons.xpi	DEBUG	Registering manifest for C:\Program Files\Mozilla Firefox\browser\features\websensehelper@mozilla.org.xpi
1568987862759	addons.xpi	DEBUG	Calling bootstrap method startup on websensehelper@mozilla.org version 1.0
1568987862766	addons.manager	DEBUG	Registering shutdown blocker for XPIProvider
1568987862767	addons.manager	DEBUG	Provider finished startup: XPIProvider
1568987862767	addons.manager	DEBUG	Starting provider: LightweightThemeManager
1568987862767	addons.manager	DEBUG	Registering shutdown blocker for LightweightThemeManager
1568987862767	addons.manager	DEBUG	Provider finished startup: LightweightThemeManager
1568987862768	addons.manager	DEBUG	Starting provider: GMPProvider
1568987862785	addons.manager	DEBUG	Registering shutdown blocker for GMPProvider
1568987862785	addons.manager	DEBUG	Provider finished startup: GMPProvider
1568987862785	addons.manager	DEBUG	Starting provider: PluginProvider
1568987862786	addons.manager	DEBUG	Registering shutdown blocker for PluginProvider
1568987862786	addons.manager	DEBUG	Provider finished startup: PluginProvider
1568987862787	addons.manager	DEBUG	Completed startup sequence
1568987863051	addons.manager	DEBUG	Starting provider: <unnamed-provider>
1568987863051	addons.manager	DEBUG	Registering shutdown blocker for <unnamed-provider>
1568987863052	addons.manager	DEBUG	Provider finished startup: <unnamed-provider>
1568987863082	addons.manager	DEBUG	Starting provider: PreviousExperimentProvider
1568987863082	addons.manager	DEBUG	Registering shutdown blocker for PreviousExperimentProvider
1568987863082	addons.manager	DEBUG	Provider finished startup: PreviousExperimentProvider

Build info: version: '2.53.0', revision: '35ae25b', time: '2016-03-15 17:00:58'
System info: host: 'Dell-PC', ip: '192.168.0.10', os.name: 'Windows 7', os.arch: 'amd64', os.version: '6.1', java.version: '1.8.0_221'
Driver info: driver.version: FirefoxDriver
	at org.openqa.selenium.firefox.internal.NewProfileExtensionConnection.start(NewProfileExtensionConnection.java:124)
	at org.openqa.selenium.firefox.FirefoxDriver.startClient(FirefoxDriver.java:271)
	at org.openqa.selenium.remote.RemoteWebDriver.<init>(RemoteWebDriver.java:119)
	at org.openqa.selenium.firefox.FirefoxDriver.<init>(FirefoxDriver.java:218)
	at org.openqa.selenium.firefox.FirefoxDriver.<init>(FirefoxDriver.java:211)
	at org.openqa.selenium.firefox.FirefoxDriver.<init>(FirefoxDriver.java:207)
	at org.openqa.selenium.firefox.FirefoxDriver.<init>(FirefoxDriver.java:124)
	at AdvanceSelenium.workingwithmultiplewindows.open(workingwithmultiplewindows.java:27)
	at sun.reflect.NativeMethodAccessorImpl.invoke0(Native Method)
	at sun.reflect.NativeMethodAccessorImpl.invoke(Unknown Source)
	at sun.reflect.DelegatingMethodAccessorImpl.invoke(Unknown Source)
	at java.lang.reflect.Method.invoke(Unknown Source)
	at org.testng.internal.MethodInvocationHelper.invokeMethod(MethodInvocationHelper.java:85)
	at org.testng.internal.Invoker.invokeConfigurationMethod(Invoker.java:510)
	at org.testng.internal.Invoker.invokeConfigurations(Invoker.java:211)
	at org.testng.internal.Invoker.invokeConfigurations(Invoker.java:138)
	at org.testng.TestRunner.beforeRun(TestRunner.java:648)
	at org.testng.TestRunner.run(TestRunner.java:616)
	at org.testng.SuiteRunner.runTest(SuiteRunner.java:359)
	at org.testng.SuiteRunner.runSequentially(SuiteRunner.java:354)
	at org.testng.SuiteRunner.privateRun(SuiteRunner.java:312)
	at org.testng.SuiteRunner.run(SuiteRunner.java:261)
	at org.testng.SuiteRunnerWorker.runSuite(SuiteRunnerWorker.java:52)
	at org.testng.SuiteRunnerWorker.run(SuiteRunnerWorker.java:86)
	at org.testng.TestNG.runSuitesSequentially(TestNG.java:1215)
	at org.testng.TestNG.runSuitesLocally(TestNG.java:1140)
	at org.testng.TestNG.run(TestNG.java:1048)
	at org.testng.remote.AbstractRemoteTestNG.run(AbstractRemoteTestNG.java:114)
	at org.testng.remote.RemoteTestNG.initAndRun(RemoteTestNG.java:251)
	at org.testng.remote.RemoteTestNG.main(RemoteTestNG.java:77)
Caused by: org.openqa.selenium.firefox.NotConnectedException: Unable to connect to host 127.0.0.1 on port 7055 after 45000 ms. Firefox console output:
987861227	addons.xpi-utils	DEBUG	Updating add-on states
1568987861229	addons.xpi-utils	DEBUG	Writing add-ons list
1568987861236	addons.xpi	DEBUG	shouldForceUpdateCheck startupChanges: []
1568987861236	addons.xpi	DEBUG	shouldForceUpdateCheck: metadata is stale
1568987861236	addons.xpi	DEBUG	XPI_showUpgradeUI: []
1568987861707	DeferredSave.extensions.json	DEBUG	Write succeeded
1568987861707	addons.xpi-utils	DEBUG	XPI Database saved, setting schema version preference to 17
1568987861708	DeferredSave.extensions.json	DEBUG	Starting timer
1568987861711	addons.repository	DEBUG	Repopulate add-on cache with ["fxdriver@googlecode.com", "e10srollout@mozilla.org", "firefox@getpocket.com", "loop@mozilla.org", "websensehelper@mozilla.org", "{972ce4c6-7e08-4474-a285-3208198ce6fd}"]
1568987861726	addons.repository	DEBUG	Requesting https://services.addons.mozilla.org/en-US/firefox/api/1.5/search/guid:fxdriver%40googlecode.com,e10srollout%40mozilla.org,firefox%40getpocket.com,loop%40mozilla.org,websensehelper%40mozilla.org,%7B972ce4c6-7e08-4474-a285-3208198ce6fd%7D?src=firefox&appOS=WINNT&appVersion=47.0.2
1568987861774	DeferredSave.extensions.json	DEBUG	Starting write
1568987861787	DeferredSave.extensions.json	DEBUG	Write succeeded
1568987862695	addons.repository	DEBUG	Got metadata search load event
1568987862695	addons.repository	WARN	Search failed when repopulating cache
1568987862698	addons.xpi	DEBUG	updateAddonRepositoryData found 6 visible add-ons
1568987862700	addons.update-dialog	DEBUG	VersionInfo updates finished: found []
1568987862700	addons.update-dialog	INFO	VersionInfo: No updates require further action
1568987862709	addons.xpi-utils	DEBUG	Writing add-ons list
1568987862713	addons.xpi	DEBUG	Registering manifest for C:\Program Files\Mozilla Firefox\browser\features\e10srollout@mozilla.org.xpi
1568987862714	addons.xpi	DEBUG	Calling bootstrap method startup on e10srollout@mozilla.org version 1.0
1568987862714	addons.xpi	DEBUG	Registering manifest for C:\Program Files\Mozilla Firefox\browser\features\firefox@getpocket.com.xpi
1568987862715	addons.xpi	DEBUG	Calling bootstrap method startup on firefox@getpocket.com version 1.0.2
1568987862717	addons.xpi	DEBUG	Registering manifest for C:\Program Files\Mozilla Firefox\browser\features\loop@mozilla.org.xpi
1568987862718	addons.xpi	DEBUG	Calling bootstrap method startup on loop@mozilla.org version 1.3.2
1568987862758	addons.xpi	DEBUG	Registering manifest for C:\Program Files\Mozilla Firefox\browser\features\websensehelper@mozilla.org.xpi
1568987862759	addons.xpi	DEBUG	Calling bootstrap method startup on websensehelper@mozilla.org version 1.0
1568987862766	addons.manager	DEBUG	Registering shutdown blocker for XPIProvider
1568987862767	addons.manager	DEBUG	Provider finished startup: XPIProvider
1568987862767	addons.manager	DEBUG	Starting provider: LightweightThemeManager
1568987862767	addons.manager	DEBUG	Registering shutdown blocker for LightweightThemeManager
1568987862767	addons.manager	DEBUG	Provider finished startup: LightweightThemeManager
1568987862768	addons.manager	DEBUG	Starting provider: GMPProvider
1568987862785	addons.manager	DEBUG	Registering shutdown blocker for GMPProvider
1568987862785	addons.manager	DEBUG	Provider finished startup: GMPProvider
1568987862785	addons.manager	DEBUG	Starting provider: PluginProvider
1568987862786	addons.manager	DEBUG	Registering shutdown blocker for PluginProvider
1568987862786	addons.manager	DEBUG	Provider finished startup: PluginProvider
1568987862787	addons.manager	DEBUG	Completed startup sequence
1568987863051	addons.manager	DEBUG	Starting provider: <unnamed-provider>
1568987863051	addons.manager	DEBUG	Registering shutdown blocker for <unnamed-provider>
1568987863052	addons.manager	DEBUG	Provider finished startup: <unnamed-provider>
1568987863082	addons.manager	DEBUG	Starting provider: PreviousExperimentProvider
1568987863082	addons.manager	DEBUG	Registering shutdown blocker for PreviousExperimentProvider
1568987863082	addons.manager	DEBUG	Provider finished startup: PreviousExperimentProvider

	at org.openqa.selenium.firefox.internal.NewProfileExtensionConnection.start(NewProfileExtensionConnection.java:112)
	... 29 more
]]>
    </error>
  </testcase> <!-- data -->
</testsuite> <!-- AdvanceSelenium.workingwithmultiplewindows -->
