<?xml version="1.0" encoding="UTF-8"?>
<!-- Generated by org.testng.reporters.JUnitReportReporter -->
<testsuite hostname="Dell-PC" name="recorder.tc1" tests="2" failures="0" timestamp="19 Sep 2019 16:41:57 GMT" time="6.664" errors="0">
  <testcase name="login" time="5.818" classname="recorder.tc1"/>
  <testcase name="loginstatus" time="0.846" classname="recorder.tc1"/>
</testsuite> <!-- recorder.tc1 -->
