<?xml version="1.0" encoding="UTF-8"?>
<!-- Generated by org.testng.reporters.JUnitReportReporter -->
<testsuite hostname="Dell-PC" name="AdvanceSelenium.tc6" tests="1" failures="0" timestamp="15 Sep 2019 07:12:20 GMT" time="6.386" errors="0">
  <testcase name="tables" time="6.386" classname="AdvanceSelenium.tc6"/>
</testsuite> <!-- AdvanceSelenium.tc6 -->
