<?xml version="1.0" encoding="UTF-8"?>
<!-- Generated by org.testng.reporters.JUnitReportReporter -->
<testsuite hostname="Dell-PC" name="AdvanceSelenium.tc2workingwithcookie" tests="1" failures="0" timestamp="18 Sep 2019 08:25:16 GMT" time="0.718" errors="0">
  <testcase name="operation" time="0.718" classname="AdvanceSelenium.tc2workingwithcookie"/>
</testsuite> <!-- AdvanceSelenium.tc2workingwithcookie -->
