<?xml version="1.0" encoding="UTF-8"?>
<!-- Generated by org.testng.reporters.JUnitReportReporter -->
<testsuite hostname="Dell-PC" name="AdvanceSelenium.advanceuserintractiontc3slider" tests="1" failures="0" timestamp="17 Sep 2019 12:40:41 GMT" time="3.593" errors="0">
  <testcase name="operation" time="3.593" classname="AdvanceSelenium.advanceuserintractiontc3slider"/>
</testsuite> <!-- AdvanceSelenium.advanceuserintractiontc3slider -->
