<?xml version="1.0" encoding="UTF-8"?>
<!-- Generated by org.testng.reporters.JUnitReportReporter -->
<testsuite hostname="Dell-PC" name="ashis.Tc3" tests="1" failures="0" timestamp="24 Sep 2019 10:25:16 GMT" time="2.827" errors="0">
  <testcase name="data" time="2.827" classname="ashis.Tc3"/>
</testsuite> <!-- ashis.Tc3 -->
