<?xml version="1.0" encoding="UTF-8"?>
<!-- Generated by org.testng.reporters.JUnitReportReporter -->
<testsuite hostname="Dell-PC" name="AdvanceSelenium.tc3" tests="1" failures="0" timestamp="14 Sep 2019 18:00:28 GMT" time="0.594" errors="0">
  <testcase name="tables" time="0.594" classname="AdvanceSelenium.tc3"/>
</testsuite> <!-- AdvanceSelenium.tc3 -->
