<?xml version="1.0" encoding="UTF-8"?>
<!-- Generated by org.testng.reporters.JUnitReportReporter -->
<testsuite hostname="Dell-PC" name="AdvanceSelenium.workingwithframetc1" tests="1" failures="0" timestamp="16 Sep 2019 14:56:17 GMT" time="0.169" errors="0">
  <testcase name="frames" time="0.169" classname="AdvanceSelenium.workingwithframetc1"/>
</testsuite> <!-- AdvanceSelenium.workingwithframetc1 -->
