<?xml version="1.0" encoding="UTF-8"?>
<!-- Generated by org.testng.reporters.JUnitReportReporter -->
<testsuite hostname="Dell-PC" name="workingwithwindowelements.tc6workingwithautoitupload" tests="1" failures="0" timestamp="20 Sep 2019 13:06:02 GMT" time="26.146" errors="0">
  <testcase name="upload" time="26.146" classname="workingwithwindowelements.tc6workingwithautoitupload"/>
</testsuite> <!-- workingwithwindowelements.tc6workingwithautoitupload -->
