<?xml version="1.0" encoding="UTF-8"?>
<!-- Generated by org.testng.reporters.JUnitReportReporter -->
<testsuite hostname="Dell-PC" name="AdvanceSelenium.advanceuserintarctionstc1rightclick" tests="1" failures="0" timestamp="17 Sep 2019 11:49:32 GMT" time="2.650" errors="0">
  <testcase name="frames" time="2.650" classname="AdvanceSelenium.advanceuserintarctionstc1rightclick"/>
</testsuite> <!-- AdvanceSelenium.advanceuserintarctionstc1rightclick -->
