<?xml version="1.0" encoding="UTF-8"?>
<!-- Generated by org.testng.reporters.JUnitReportReporter -->
<testsuite hostname="Dell-PC" name="AdvanceSelenium.workingwithframestc3" tests="1" failures="0" timestamp="17 Sep 2019 11:38:37 GMT" time="1.016" errors="0">
  <testcase name="frames" time="1.016" classname="AdvanceSelenium.workingwithframestc3"/>
</testsuite> <!-- AdvanceSelenium.workingwithframestc3 -->
