<?xml version="1.0" encoding="UTF-8"?>
<!-- Generated by org.testng.reporters.JUnitReportReporter -->
<testsuite hostname="Dell-PC" name="AdvanceSelenium.workingwithframestc2" tests="1" failures="0" timestamp="17 Sep 2019 11:21:39 GMT" time="1.311" errors="0">
  <testcase name="frames" time="1.311" classname="AdvanceSelenium.workingwithframestc2"/>
</testsuite> <!-- AdvanceSelenium.workingwithframestc2 -->
